DEBUG	2017/03/23 00:00:39.059	src/EI_Logger.C	373	(P/M->E/I)  , MessageSource = 0 , MessageDestination = 36 , MessageClass = MC_Message , MessageType = M_PING , MessageId = 65535 , MessageReply = 0
DEBUG	2017/03/23 00:00:39.059	src/EI_Logger.C	373	(P/M->P/M)  , MessageSource = 0 , MessageDestination = 0 , MessageClass = MC_Message , MessageType = M_PING , MessageId = 65535 , MessageReply = 0
DEBUG	2017/03/23 00:00:41.046	src/EI_Logger.C	373	(3235->???)  , MessageSource = 3235 , MessageDestination = -1 , MessageClass = MC_PendingSetupListMsg , MessageType = PSL_MTYPE , MessageId = 65535 , MessageReply = 0
DEBUG	2017/03/23 00:05:39.466	src/EI_Logger.C	373	last message repeated 3 times.
DEBUG	2017/03/23 00:05:39.466	src/EI_Logger.C	373	(P/M->E/I)  , MessageSource = 0 , MessageDestination = 36 , MessageClass = MC_Message , MessageType = M_PING , MessageId = 65535 , MessageReply = 0
DEBUG	2017/03/23 00:05:39.466	src/EI_Logger.C	373	(P/M->P/M)  , MessageSource = 0 , MessageDestination = 0 , MessageClass = MC_Message , MessageType = M_PING , MessageId = 65535 , MessageReply = 0
DEBUG	2017/03/23 00:06:41.405	src/EI_Logger.C	373	(3235->???)  , MessageSource = 3235 , MessageDestination = -1 , MessageClass = MC_PendingSetupListMsg , MessageType = PSL_MTYPE , MessageId = 65535 , MessageReply = 0
DEBUG	2017/03/23 00:10:39.099	src/EI_Logger.C	373	last message repeated 2 times.
DEBUG	2017/03/23 00:10:39.099	src/EI_Logger.C	373	(P/M->E/I)  , MessageSource = 0 , MessageDestination = 36 , MessageClass = MC_Message , MessageType = M_PING , MessageId = 65535 , MessageReply = 0
DEBUG	2017/03/23 00:10:39.099	src/EI_Logger.C	373	(P/M->P/M)  , MessageSource = 0 , MessageDestination = 0 , MessageClass = MC_Message , MessageType = M_PING , MessageId = 65535 , MessageReply = 0
DEBUG	2017/03/23 00:11:11.683	src/EI_Logger.C	373	(3235->???)  , MessageSource = 3235 , MessageDestination = -1 , MessageClass = MC_PendingSetupListMsg , MessageType = PSL_MTYPE , MessageId = 65535 , MessageReply = 0
DEBUG	2017/03/23 00:15:39.125	src/EI_Logger.C	373	last message repeated 2 times.
DEBUG	2017/03/23 00:15:39.125	src/EI_Logger.C	373	(P/M->E/I)  , MessageSource = 0 , MessageDestination = 36 , MessageClass = MC_Message , MessageType = M_PING , MessageId = 65535 , MessageReply = 0
DEBUG	2017/03/23 00:15:39.125	src/EI_Logger.C	373	(P/M->P/M)  , MessageSource = 0 , MessageDestination = 0 , MessageClass = MC_Message , MessageType = M_PING , MessageId = 65535 , MessageReply = 0
DEBUG	2017/03/23 00:15:41.968	src/EI_Logger.C	373	(3235->???)  , MessageSource = 3235 , MessageDestination = -1 , MessageClass = MC_PendingSetupListMsg , MessageType = PSL_MTYPE , MessageId = 65535 , MessageReply = 0
DEBUG	2017/03/23 00:20:39.770	src/EI_Logger.C	373	last message repeated 3 times.
DEBUG	2017/03/23 00:20:39.770	src/EI_Logger.C	373	(P/M->E/I)  , MessageSource = 0 , MessageDestination = 36 , MessageClass = MC_Message , MessageType = M_PING , MessageId = 65535 , MessageReply = 0
DEBUG	2017/03/23 00:20:39.770	src/EI_Logger.C	373	(P/M->P/M)  , MessageSource = 0 , MessageDestination = 0 , MessageClass = MC_Message , MessageType = M_PING , MessageId = 65535 , MessageReply = 0
DEBUG	2017/03/23 00:21:41.336	src/EI_Logger.C	373	(3235->???)  , MessageSource = 3235 , MessageDestination = -1 , MessageClass = MC_PendingSetupListMsg , MessageType = PSL_MTYPE , MessageId = 65535 , MessageReply = 0
DEBUG	2017/03/23 00:25:39.779	src/EI_Logger.C	373	last message repeated 2 times.
DEBUG	2017/03/23 00:25:39.779	src/EI_Logger.C	373	(P/M->E/I)  , MessageSource = 0 , MessageDestination = 36 , MessageClass = MC_Message , MessageType = M_PING , MessageId = 65535 , MessageReply = 0
DEBUG	2017/03/23 00:25:39.779	src/EI_Logger.C	373	(P/M->P/M)  , MessageSource = 0 , MessageDestination = 0 , MessageClass = MC_Message , MessageType = M_PING , MessageId = 65535 , MessageReply = 0
DEBUG	2017/03/23 00:26:11.623	src/EI_Logger.C	373	(3235->???)  , MessageSource = 3235 , MessageDestination = -1 , MessageClass = MC_PendingSetupListMsg , MessageType = PSL_MTYPE , MessageId = 65535 , MessageReply = 0
DEBUG	2017/03/23 00:30:39.079	src/EI_Logger.C	373	last message repeated 2 times.
DEBUG	2017/03/23 00:30:39.079	src/EI_Logger.C	373	(P/M->E/I)  , MessageSource = 0 , MessageDestination = 36 , MessageClass = MC_Message , MessageType = M_PING , MessageId = 65535 , MessageReply = 0
DEBUG	2017/03/23 00:30:39.080	src/EI_Logger.C	373	(P/M->P/M)  , MessageSource = 0 , MessageDestination = 0 , MessageClass = MC_Message , MessageType = M_PING , MessageId = 65535 , MessageReply = 0
DEBUG	2017/03/23 00:30:41.903	src/EI_Logger.C	373	(3235->???)  , MessageSource = 3235 , MessageDestination = -1 , MessageClass = MC_PendingSetupListMsg , MessageType = PSL_MTYPE , MessageId = 65535 , MessageReply = 0
DEBUG	2017/03/23 00:35:39.356	src/EI_Logger.C	373	last message repeated 3 times.
DEBUG	2017/03/23 00:35:39.356	src/EI_Logger.C	373	(P/M->E/I)  , MessageSource = 0 , MessageDestination = 36 , MessageClass = MC_Message , MessageType = M_PING , MessageId = 65535 , MessageReply = 0
DEBUG	2017/03/23 00:35:39.356	src/EI_Logger.C	373	(P/M->P/M)  , MessageSource = 0 , MessageDestination = 0 , MessageClass = MC_Message , MessageType = M_PING , MessageId = 65535 , MessageReply = 0
DEBUG	2017/03/23 00:36:41.263	src/EI_Logger.C	373	(3235->???)  , MessageSource = 3235 , MessageDestination = -1 , MessageClass = MC_PendingSetupListMsg , MessageType = PSL_MTYPE , MessageId = 65535 , MessageReply = 0
DEBUG	2017/03/23 00:40:39.808	src/EI_Logger.C	373	last message repeated 2 times.
DEBUG	2017/03/23 00:40:39.808	src/EI_Logger.C	373	(P/M->E/I)  , MessageSource = 0 , MessageDestination = 36 , MessageClass = MC_Message , MessageType = M_PING , MessageId = 65535 , MessageReply = 0
DEBUG	2017/03/23 00:40:39.808	src/EI_Logger.C	373	(P/M->P/M)  , MessageSource = 0 , MessageDestination = 0 , MessageClass = MC_Message , MessageType = M_PING , MessageId = 65535 , MessageReply = 0
DEBUG	2017/03/23 00:41:11.540	src/EI_Logger.C	373	(3235->???)  , MessageSource = 3235 , MessageDestination = -1 , MessageClass = MC_PendingSetupListMsg , MessageType = PSL_MTYPE , MessageId = 65535 , MessageReply = 0
DEBUG	2017/03/23 00:45:39.996	src/EI_Logger.C	373	last message repeated 2 times.
DEBUG	2017/03/23 00:45:39.996	src/EI_Logger.C	373	(P/M->E/I)  , MessageSource = 0 , MessageDestination = 36 , MessageClass = MC_Message , MessageType = M_PING , MessageId = 65535 , MessageReply = 0
DEBUG	2017/03/23 00:45:39.000	src/EI_Logger.C	373	(P/M->P/M)  , MessageSource = 0 , MessageDestination = 0 , MessageClass = MC_Message , MessageType = M_PING , MessageId = 65535 , MessageReply = 0
DEBUG	2017/03/23 00:45:41.834	src/EI_Logger.C	373	(3235->???)  , MessageSource = 3235 , MessageDestination = -1 , MessageClass = MC_PendingSetupListMsg , MessageType = PSL_MTYPE , MessageId = 65535 , MessageReply = 0
DEBUG	2017/03/23 00:50:39.314	src/EI_Logger.C	373	last message repeated 3 times.
DEBUG	2017/03/23 00:50:39.314	src/EI_Logger.C	373	(P/M->E/I)  , MessageSource = 0 , MessageDestination = 36 , MessageClass = MC_Message , MessageType = M_PING , MessageId = 65535 , MessageReply = 0
DEBUG	2017/03/23 00:50:39.314	src/EI_Logger.C	373	(P/M->P/M)  , MessageSource = 0 , MessageDestination = 0 , MessageClass = MC_Message , MessageType = M_PING , MessageId = 65535 , MessageReply = 0
DEBUG	2017/03/23 00:51:41.209	src/EI_Logger.C	373	(3235->???)  , MessageSource = 3235 , MessageDestination = -1 , MessageClass = MC_PendingSetupListMsg , MessageType = PSL_MTYPE , MessageId = 65535 , MessageReply = 0
DEBUG	2017/03/23 00:55:39.741	src/EI_Logger.C	373	last message repeated 2 times.
DEBUG	2017/03/23 00:55:39.741	src/EI_Logger.C	373	(P/M->E/I)  , MessageSource = 0 , MessageDestination = 36 , MessageClass = MC_Message , MessageType = M_PING , MessageId = 65535 , MessageReply = 0
DEBUG	2017/03/23 00:55:39.742	src/EI_Logger.C	373	(P/M->P/M)  , MessageSource = 0 , MessageDestination = 0 , MessageClass = MC_Message , MessageType = M_PING , MessageId = 65535 , MessageReply = 0
DEBUG	2017/03/23 00:56:11.443	src/EI_Logger.C	373	(3235->???)  , MessageSource = 3235 , MessageDestination = -1 , MessageClass = MC_PendingSetupListMsg , MessageType = PSL_MTYPE , MessageId = 65535 , MessageReply = 0
DEBUG	2017/03/23 01:00:39.186	src/EI_Logger.C	373	last message repeated 2 times.
DEBUG	2017/03/23 01:00:39.186	src/EI_Logger.C	373	(P/M->E/I)  , MessageSource = 0 , MessageDestination = 36 , MessageClass = MC_Message , MessageType = M_PING , MessageId = 65535 , MessageReply = 0
DEBUG	2017/03/23 01:00:39.186	src/EI_Logger.C	373	(P/M->P/M)  , MessageSource = 0 , MessageDestination = 0 , MessageClass = MC_Message , MessageType = M_PING , MessageId = 65535 , MessageReply = 0
DEBUG	2017/03/23 01:00:41.724	src/EI_Logger.C	373	(3235->???)  , MessageSource = 3235 , MessageDestination = -1 , MessageClass = MC_PendingSetupListMsg , MessageType = PSL_MTYPE , MessageId = 65535 , MessageReply = 0
DEBUG	2017/03/23 01:05:39.300	src/EI_Logger.C	373	last message repeated 3 times.
DEBUG	2017/03/23 01:05:39.300	src/EI_Logger.C	373	(P/M->E/I)  , MessageSource = 0 , MessageDestination = 36 , MessageClass = MC_Message , MessageType = M_PING , MessageId = 65535 , MessageReply = 0
DEBUG	2017/03/23 01:05:39.300	src/EI_Logger.C	373	(P/M->P/M)  , MessageSource = 0 , MessageDestination = 0 , MessageClass = MC_Message , MessageType = M_PING , MessageId = 65535 , MessageReply = 0
DEBUG	2017/03/23 01:06:41.094	src/EI_Logger.C	373	(3235->???)  , MessageSource = 3235 , MessageDestination = -1 , MessageClass = MC_PendingSetupListMsg , MessageType = PSL_MTYPE , MessageId = 65535 , MessageReply = 0
DEBUG	2017/03/23 01:10:39.622	src/EI_Logger.C	373	last message repeated 2 times.
DEBUG	2017/03/23 01:10:39.622	src/EI_Logger.C	373	(P/M->E/I)  , MessageSource = 0 , MessageDestination = 36 , MessageClass = MC_Message , MessageType = M_PING , MessageId = 65535 , MessageReply = 0
DEBUG	2017/03/23 01:10:39.622	src/EI_Logger.C	373	(P/M->P/M)  , MessageSource = 0 , MessageDestination = 0 , MessageClass = MC_Message , MessageType = M_PING , MessageId = 65535 , MessageReply = 0
DEBUG	2017/03/23 01:11:11.351	src/EI_Logger.C	373	(3235->???)  , MessageSource = 3235 , MessageDestination = -1 , MessageClass = MC_PendingSetupListMsg , MessageType = PSL_MTYPE , MessageId = 65535 , MessageReply = 0
DEBUG	2017/03/23 01:15:39.408	src/EI_Logger.C	373	last message repeated 2 times.
DEBUG	2017/03/23 01:15:39.408	src/EI_Logger.C	373	(P/M->E/I)  , MessageSource = 0 , MessageDestination = 36 , MessageClass = MC_Message , MessageType = M_PING , MessageId = 65535 , MessageReply = 0
DEBUG	2017/03/23 01:15:39.409	src/EI_Logger.C	373	(P/M->P/M)  , MessageSource = 0 , MessageDestination = 0 , MessageClass = MC_Message , MessageType = M_PING , MessageId = 65535 , MessageReply = 0
DEBUG	2017/03/23 01:15:41.626	src/EI_Logger.C	373	(3235->???)  , MessageSource = 3235 , MessageDestination = -1 , MessageClass = MC_PendingSetupListMsg , MessageType = PSL_MTYPE , MessageId = 65535 , MessageReply = 0
DEBUG	2017/03/23 01:20:39.012	src/EI_Logger.C	373	last message repeated 3 times.
DEBUG	2017/03/23 01:20:39.012	src/EI_Logger.C	373	(P/M->E/I)  , MessageSource = 0 , MessageDestination = 36 , MessageClass = MC_Message , MessageType = M_PING , MessageId = 65535 , MessageReply = 0
DEBUG	2017/03/23 01:20:39.012	src/EI_Logger.C	373	(P/M->P/M)  , MessageSource = 0 , MessageDestination = 0 , MessageClass = MC_Message , MessageType = M_PING , MessageId = 65535 , MessageReply = 0
DEBUG	2017/03/23 01:21:41.000	src/EI_Logger.C	373	(3235->???)  , MessageSource = 3235 , MessageDestination = -1 , MessageClass = MC_PendingSetupListMsg , MessageType = PSL_MTYPE , MessageId = 65535 , MessageReply = 0
DEBUG	2017/03/23 01:25:39.613	src/EI_Logger.C	373	last message repeated 2 times.
DEBUG	2017/03/23 01:25:39.613	src/EI_Logger.C	373	(P/M->E/I)  , MessageSource = 0 , MessageDestination = 36 , MessageClass = MC_Message , MessageType = M_PING , MessageId = 65535 , MessageReply = 0
DEBUG	2017/03/23 01:25:39.616	src/EI_Logger.C	373	(P/M->P/M)  , MessageSource = 0 , MessageDestination = 0 , MessageClass = MC_Message , MessageType = M_PING , MessageId = 65535 , MessageReply = 0
DEBUG	2017/03/23 01:26:11.253	src/EI_Logger.C	373	(3235->???)  , MessageSource = 3235 , MessageDestination = -1 , MessageClass = MC_PendingSetupListMsg , MessageType = PSL_MTYPE , MessageId = 65535 , MessageReply = 0
DEBUG	2017/03/23 01:30:39.945	src/EI_Logger.C	373	last message repeated 2 times.
DEBUG	2017/03/23 01:30:39.945	src/EI_Logger.C	373	(P/M->E/I)  , MessageSource = 0 , MessageDestination = 36 , MessageClass = MC_Message , MessageType = M_PING , MessageId = 65535 , MessageReply = 0
DEBUG	2017/03/23 01:30:39.948	src/EI_Logger.C	373	(P/M->P/M)  , MessageSource = 0 , MessageDestination = 0 , MessageClass = MC_Message , MessageType = M_PING , MessageId = 65535 , MessageReply = 0
DEBUG	2017/03/23 01:30:41.539	src/EI_Logger.C	373	(3235->???)  , MessageSource = 3235 , MessageDestination = -1 , MessageClass = MC_PendingSetupListMsg , MessageType = PSL_MTYPE , MessageId = 65535 , MessageReply = 0
DEBUG	2017/03/23 01:35:39.258	src/EI_Logger.C	373	last message repeated 3 times.
DEBUG	2017/03/23 01:35:39.258	src/EI_Logger.C	373	(P/M->E/I)  , MessageSource = 0 , MessageDestination = 36 , MessageClass = MC_Message , MessageType = M_PING , MessageId = 65535 , MessageReply = 0
DEBUG	2017/03/23 01:35:39.258	src/EI_Logger.C	373	(P/M->P/M)  , MessageSource = 0 , MessageDestination = 0 , MessageClass = MC_Message , MessageType = M_PING , MessageId = 65535 , MessageReply = 0
DEBUG	2017/03/23 01:36:41.907	src/EI_Logger.C	373	(3235->???)  , MessageSource = 3235 , MessageDestination = -1 , MessageClass = MC_PendingSetupListMsg , MessageType = PSL_MTYPE , MessageId = 65535 , MessageReply = 0
DEBUG	2017/03/23 01:40:39.557	src/EI_Logger.C	373	last message repeated 2 times.
DEBUG	2017/03/23 01:40:39.557	src/EI_Logger.C	373	(P/M->E/I)  , MessageSource = 0 , MessageDestination = 36 , MessageClass = MC_Message , MessageType = M_PING , MessageId = 65535 , MessageReply = 0
DEBUG	2017/03/23 01:40:39.558	src/EI_Logger.C	373	(P/M->P/M)  , MessageSource = 0 , MessageDestination = 0 , MessageClass = MC_Message , MessageType = M_PING , MessageId = 65535 , MessageReply = 0
DEBUG	2017/03/23 01:41:12.192	src/EI_Logger.C	373	(3235->???)  , MessageSource = 3235 , MessageDestination = -1 , MessageClass = MC_PendingSetupListMsg , MessageType = PSL_MTYPE , MessageId = 65535 , MessageReply = 0
DEBUG	2017/03/23 01:45:39.879	src/EI_Logger.C	373	last message repeated 2 times.
DEBUG	2017/03/23 01:45:39.879	src/EI_Logger.C	373	(P/M->E/I)  , MessageSource = 0 , MessageDestination = 36 , MessageClass = MC_Message , MessageType = M_PING , MessageId = 65535 , MessageReply = 0
DEBUG	2017/03/23 01:45:39.881	src/EI_Logger.C	373	(P/M->P/M)  , MessageSource = 0 , MessageDestination = 0 , MessageClass = MC_Message , MessageType = M_PING , MessageId = 65535 , MessageReply = 0
DEBUG	2017/03/23 01:45:42.483	src/EI_Logger.C	373	(3235->???)  , MessageSource = 3235 , MessageDestination = -1 , MessageClass = MC_PendingSetupListMsg , MessageType = PSL_MTYPE , MessageId = 65535 , MessageReply = 0
DEBUG	2017/03/23 01:50:39.209	src/EI_Logger.C	373	last message repeated 3 times.
DEBUG	2017/03/23 01:50:39.209	src/EI_Logger.C	373	(P/M->E/I)  , MessageSource = 0 , MessageDestination = 36 , MessageClass = MC_Message , MessageType = M_PING , MessageId = 65535 , MessageReply = 0
DEBUG	2017/03/23 01:50:39.210	src/EI_Logger.C	373	(P/M->P/M)  , MessageSource = 0 , MessageDestination = 0 , MessageClass = MC_Message , MessageType = M_PING , MessageId = 65535 , MessageReply = 0
DEBUG	2017/03/23 01:51:42.797	src/EI_Logger.C	373	(3235->???)  , MessageSource = 3235 , MessageDestination = -1 , MessageClass = MC_PendingSetupListMsg , MessageType = PSL_MTYPE , MessageId = 65535 , MessageReply = 0
DEBUG	2017/03/23 01:55:39.566	src/EI_Logger.C	373	last message repeated 2 times.
DEBUG	2017/03/23 01:55:39.566	src/EI_Logger.C	373	(P/M->E/I)  , MessageSource = 0 , MessageDestination = 36 , MessageClass = MC_Message , MessageType = M_PING , MessageId = 65535 , MessageReply = 0
DEBUG	2017/03/23 01:55:39.566	src/EI_Logger.C	373	(P/M->P/M)  , MessageSource = 0 , MessageDestination = 0 , MessageClass = MC_Message , MessageType = M_PING , MessageId = 65535 , MessageReply = 0
DEBUG	2017/03/23 01:56:12.070	src/EI_Logger.C	373	(3235->???)  , MessageSource = 3235 , MessageDestination = -1 , MessageClass = MC_PendingSetupListMsg , MessageType = PSL_MTYPE , MessageId = 65535 , MessageReply = 0
DEBUG	2017/03/23 02:00:39.474	src/EI_Logger.C	373	last message repeated 2 times.
DEBUG	2017/03/23 02:00:39.474	src/EI_Logger.C	373	(P/M->E/I)  , MessageSource = 0 , MessageDestination = 36 , MessageClass = MC_Message , MessageType = M_PING , MessageId = 65535 , MessageReply = 0
DEBUG	2017/03/23 02:00:39.535	src/EI_Logger.C	373	(P/M->P/M)  , MessageSource = 0 , MessageDestination = 0 , MessageClass = MC_Message , MessageType = M_PING , MessageId = 65535 , MessageReply = 0
DEBUG	2017/03/23 02:00:42.509	src/EI_Logger.C	373	(3235->???)  , MessageSource = 3235 , MessageDestination = -1 , MessageClass = MC_PendingSetupListMsg , MessageType = PSL_MTYPE , MessageId = 65535 , MessageReply = 0
DEBUG	2017/03/23 02:05:39.668	src/EI_Logger.C	373	last message repeated 3 times.
DEBUG	2017/03/23 02:05:39.668	src/EI_Logger.C	373	(P/M->E/I)  , MessageSource = 0 , MessageDestination = 36 , MessageClass = MC_Message , MessageType = M_PING , MessageId = 65535 , MessageReply = 0
DEBUG	2017/03/23 02:05:39.668	src/EI_Logger.C	373	(P/M->P/M)  , MessageSource = 0 , MessageDestination = 0 , MessageClass = MC_Message , MessageType = M_PING , MessageId = 65535 , MessageReply = 0
DEBUG	2017/03/23 02:06:42.792	src/EI_Logger.C	373	(3235->???)  , MessageSource = 3235 , MessageDestination = -1 , MessageClass = MC_PendingSetupListMsg , MessageType = PSL_MTYPE , MessageId = 65535 , MessageReply = 0
DEBUG	2017/03/23 02:10:39.524	src/EI_Logger.C	373	last message repeated 2 times.
DEBUG	2017/03/23 02:10:39.524	src/EI_Logger.C	373	(P/M->E/I)  , MessageSource = 0 , MessageDestination = 36 , MessageClass = MC_Message , MessageType = M_PING , MessageId = 65535 , MessageReply = 0
DEBUG	2017/03/23 02:10:39.524	src/EI_Logger.C	373	(P/M->P/M)  , MessageSource = 0 , MessageDestination = 0 , MessageClass = MC_Message , MessageType = M_PING , MessageId = 65535 , MessageReply = 0
DEBUG	2017/03/23 02:11:12.071	src/EI_Logger.C	373	(3235->???)  , MessageSource = 3235 , MessageDestination = -1 , MessageClass = MC_PendingSetupListMsg , MessageType = PSL_MTYPE , MessageId = 65535 , MessageReply = 0
DEBUG	2017/03/23 02:15:39.202	src/EI_Logger.C	373	last message repeated 2 times.
DEBUG	2017/03/23 02:15:39.202	src/EI_Logger.C	373	(P/M->E/I)  , MessageSource = 0 , MessageDestination = 36 , MessageClass = MC_Message , MessageType = M_PING , MessageId = 65535 , MessageReply = 0
DEBUG	2017/03/23 02:15:39.202	src/EI_Logger.C	373	(P/M->P/M)  , MessageSource = 0 , MessageDestination = 0 , MessageClass = MC_Message , MessageType = M_PING , MessageId = 65535 , MessageReply = 0
DEBUG	2017/03/23 02:15:42.349	src/EI_Logger.C	373	(3235->???)  , MessageSource = 3235 , MessageDestination = -1 , MessageClass = MC_PendingSetupListMsg , MessageType = PSL_MTYPE , MessageId = 65535 , MessageReply = 0
DEBUG	2017/03/23 02:20:39.156	src/EI_Logger.C	373	last message repeated 3 times.
DEBUG	2017/03/23 02:20:39.156	src/EI_Logger.C	373	(P/M->E/I)  , MessageSource = 0 , MessageDestination = 36 , MessageClass = MC_Message , MessageType = M_PING , MessageId = 65535 , MessageReply = 0
DEBUG	2017/03/23 02:20:39.156	src/EI_Logger.C	373	(P/M->P/M)  , MessageSource = 0 , MessageDestination = 0 , MessageClass = MC_Message , MessageType = M_PING , MessageId = 65535 , MessageReply = 0
DEBUG	2017/03/23 02:21:42.720	src/EI_Logger.C	373	(3235->???)  , MessageSource = 3235 , MessageDestination = -1 , MessageClass = MC_PendingSetupListMsg , MessageType = PSL_MTYPE , MessageId = 65535 , MessageReply = 0
DEBUG	2017/03/23 02:25:39.929	src/EI_Logger.C	373	last message repeated 2 times.
DEBUG	2017/03/23 02:25:39.929	src/EI_Logger.C	373	(P/M->E/I)  , MessageSource = 0 , MessageDestination = 36 , MessageClass = MC_Message , MessageType = M_PING , MessageId = 65535 , MessageReply = 0
DEBUG	2017/03/23 02:25:39.929	src/EI_Logger.C	373	(P/M->P/M)  , MessageSource = 0 , MessageDestination = 0 , MessageClass = MC_Message , MessageType = M_PING , MessageId = 65535 , MessageReply = 0
DEBUG	2017/03/23 02:26:12.961	src/EI_Logger.C	373	(3235->???)  , MessageSource = 3235 , MessageDestination = -1 , MessageClass = MC_PendingSetupListMsg , MessageType = PSL_MTYPE , MessageId = 65535 , MessageReply = 0
DEBUG	2017/03/23 02:30:39.520	src/EI_Logger.C	373	last message repeated 2 times.
DEBUG	2017/03/23 02:30:39.520	src/EI_Logger.C	373	(P/M->E/I)  , MessageSource = 0 , MessageDestination = 36 , MessageClass = MC_Message , MessageType = M_PING , MessageId = 65535 , MessageReply = 0
DEBUG	2017/03/23 02:30:39.520	src/EI_Logger.C	373	(P/M->P/M)  , MessageSource = 0 , MessageDestination = 0 , MessageClass = MC_Message , MessageType = M_PING , MessageId = 65535 , MessageReply = 0
DEBUG	2017/03/23 02:30:42.242	src/EI_Logger.C	373	(3235->???)  , MessageSource = 3235 , MessageDestination = -1 , MessageClass = MC_PendingSetupListMsg , MessageType = PSL_MTYPE , MessageId = 65535 , MessageReply = 0
DEBUG	2017/03/23 02:35:39.253	src/EI_Logger.C	373	last message repeated 3 times.
DEBUG	2017/03/23 02:35:39.253	src/EI_Logger.C	373	(P/M->E/I)  , MessageSource = 0 , MessageDestination = 36 , MessageClass = MC_Message , MessageType = M_PING , MessageId = 65535 , MessageReply = 0
DEBUG	2017/03/23 02:35:39.253	src/EI_Logger.C	373	(P/M->P/M)  , MessageSource = 0 , MessageDestination = 0 , MessageClass = MC_Message , MessageType = M_PING , MessageId = 65535 , MessageReply = 0
DEBUG	2017/03/23 02:36:42.640	src/EI_Logger.C	373	(3235->???)  , MessageSource = 3235 , MessageDestination = -1 , MessageClass = MC_PendingSetupListMsg , MessageType = PSL_MTYPE , MessageId = 65535 , MessageReply = 0
DEBUG	2017/03/23 02:40:39.099	src/EI_Logger.C	373	last message repeated 2 times.
DEBUG	2017/03/23 02:40:39.099	src/EI_Logger.C	373	(P/M->E/I)  , MessageSource = 0 , MessageDestination = 36 , MessageClass = MC_Message , MessageType = M_PING , MessageId = 65535 , MessageReply = 0
DEBUG	2017/03/23 02:40:39.099	src/EI_Logger.C	373	(P/M->P/M)  , MessageSource = 0 , MessageDestination = 0 , MessageClass = MC_Message , MessageType = M_PING , MessageId = 65535 , MessageReply = 0
DEBUG	2017/03/23 02:41:12.934	src/EI_Logger.C	373	(3235->???)  , MessageSource = 3235 , MessageDestination = -1 , MessageClass = MC_PendingSetupListMsg , MessageType = PSL_MTYPE , MessageId = 65535 , MessageReply = 0
DEBUG	2017/03/23 02:45:39.128	src/EI_Logger.C	373	last message repeated 2 times.
DEBUG	2017/03/23 02:45:39.128	src/EI_Logger.C	373	(P/M->E/I)  , MessageSource = 0 , MessageDestination = 36 , MessageClass = MC_Message , MessageType = M_PING , MessageId = 65535 , MessageReply = 0
DEBUG	2017/03/23 02:45:39.128	src/EI_Logger.C	373	(P/M->P/M)  , MessageSource = 0 , MessageDestination = 0 , MessageClass = MC_Message , MessageType = M_PING , MessageId = 65535 , MessageReply = 0
DEBUG	2017/03/23 02:45:42.207	src/EI_Logger.C	373	(3235->???)  , MessageSource = 3235 , MessageDestination = -1 , MessageClass = MC_PendingSetupListMsg , MessageType = PSL_MTYPE , MessageId = 65535 , MessageReply = 0
DEBUG	2017/03/23 02:50:39.536	src/EI_Logger.C	373	last message repeated 3 times.
DEBUG	2017/03/23 02:50:39.536	src/EI_Logger.C	373	(P/M->E/I)  , MessageSource = 0 , MessageDestination = 36 , MessageClass = MC_Message , MessageType = M_PING , MessageId = 65535 , MessageReply = 0
DEBUG	2017/03/23 02:50:39.536	src/EI_Logger.C	373	(P/M->P/M)  , MessageSource = 0 , MessageDestination = 0 , MessageClass = MC_Message , MessageType = M_PING , MessageId = 65535 , MessageReply = 0
DEBUG	2017/03/23 02:51:42.591	src/EI_Logger.C	373	(3235->???)  , MessageSource = 3235 , MessageDestination = -1 , MessageClass = MC_PendingSetupListMsg , MessageType = PSL_MTYPE , MessageId = 65535 , MessageReply = 0
DEBUG	2017/03/23 02:55:39.184	src/EI_Logger.C	373	last message repeated 2 times.
DEBUG	2017/03/23 02:55:39.184	src/EI_Logger.C	373	(P/M->E/I)  , MessageSource = 0 , MessageDestination = 36 , MessageClass = MC_Message , MessageType = M_PING , MessageId = 65535 , MessageReply = 0
DEBUG	2017/03/23 02:55:39.184	src/EI_Logger.C	373	(P/M->P/M)  , MessageSource = 0 , MessageDestination = 0 , MessageClass = MC_Message , MessageType = M_PING , MessageId = 65535 , MessageReply = 0
DEBUG	2017/03/23 02:56:12.880	src/EI_Logger.C	373	(3235->???)  , MessageSource = 3235 , MessageDestination = -1 , MessageClass = MC_PendingSetupListMsg , MessageType = PSL_MTYPE , MessageId = 65535 , MessageReply = 0
DEBUG	2017/03/23 03:00:39.277	src/EI_Logger.C	373	last message repeated 2 times.
DEBUG	2017/03/23 03:00:39.277	src/EI_Logger.C	373	(P/M->E/I)  , MessageSource = 0 , MessageDestination = 36 , MessageClass = MC_Message , MessageType = M_PING , MessageId = 65535 , MessageReply = 0
DEBUG	2017/03/23 03:00:39.277	src/EI_Logger.C	373	(P/M->P/M)  , MessageSource = 0 , MessageDestination = 0 , MessageClass = MC_Message , MessageType = M_PING , MessageId = 65535 , MessageReply = 0
DEBUG	2017/03/23 03:00:42.181	src/EI_Logger.C	373	(3235->???)  , MessageSource = 3235 , MessageDestination = -1 , MessageClass = MC_PendingSetupListMsg , MessageType = PSL_MTYPE , MessageId = 65535 , MessageReply = 0
DEBUG	2017/03/23 03:05:39.093	src/EI_Logger.C	373	last message repeated 3 times.
DEBUG	2017/03/23 03:05:39.093	src/EI_Logger.C	373	(P/M->E/I)  , MessageSource = 0 , MessageDestination = 36 , MessageClass = MC_Message , MessageType = M_PING , MessageId = 65535 , MessageReply = 0
DEBUG	2017/03/23 03:05:39.093	src/EI_Logger.C	373	(P/M->P/M)  , MessageSource = 0 , MessageDestination = 0 , MessageClass = MC_Message , MessageType = M_PING , MessageId = 65535 , MessageReply = 0
DEBUG	2017/03/23 03:06:42.543	src/EI_Logger.C	373	(3235->???)  , MessageSource = 3235 , MessageDestination = -1 , MessageClass = MC_PendingSetupListMsg , MessageType = PSL_MTYPE , MessageId = 65535 , MessageReply = 0
DEBUG	2017/03/23 03:10:39.502	src/EI_Logger.C	373	last message repeated 2 times.
DEBUG	2017/03/23 03:10:39.502	src/EI_Logger.C	373	(P/M->E/I)  , MessageSource = 0 , MessageDestination = 36 , MessageClass = MC_Message , MessageType = M_PING , MessageId = 65535 , MessageReply = 0
DEBUG	2017/03/23 03:10:39.502	src/EI_Logger.C	373	(P/M->P/M)  , MessageSource = 0 , MessageDestination = 0 , MessageClass = MC_Message , MessageType = M_PING , MessageId = 65535 , MessageReply = 0
DEBUG	2017/03/23 03:11:12.829	src/EI_Logger.C	373	(3235->???)  , MessageSource = 3235 , MessageDestination = -1 , MessageClass = MC_PendingSetupListMsg , MessageType = PSL_MTYPE , MessageId = 65535 , MessageReply = 0
DEBUG	2017/03/23 03:15:39.045	src/EI_Logger.C	373	last message repeated 2 times.
DEBUG	2017/03/23 03:15:39.045	src/EI_Logger.C	373	(P/M->E/I)  , MessageSource = 0 , MessageDestination = 36 , MessageClass = MC_Message , MessageType = M_PING , MessageId = 65535 , MessageReply = 0
DEBUG	2017/03/23 03:15:39.045	src/EI_Logger.C	373	(P/M->P/M)  , MessageSource = 0 , MessageDestination = 0 , MessageClass = MC_Message , MessageType = M_PING , MessageId = 65535 , MessageReply = 0
DEBUG	2017/03/23 03:15:42.116	src/EI_Logger.C	373	(3235->???)  , MessageSource = 3235 , MessageDestination = -1 , MessageClass = MC_PendingSetupListMsg , MessageType = PSL_MTYPE , MessageId = 65535 , MessageReply = 0
DEBUG	2017/03/23 03:20:39.827	src/EI_Logger.C	373	last message repeated 3 times.
DEBUG	2017/03/23 03:20:39.827	src/EI_Logger.C	373	(P/M->E/I)  , MessageSource = 0 , MessageDestination = 36 , MessageClass = MC_Message , MessageType = M_PING , MessageId = 65535 , MessageReply = 0
DEBUG	2017/03/23 03:20:39.827	src/EI_Logger.C	373	(P/M->P/M)  , MessageSource = 0 , MessageDestination = 0 , MessageClass = MC_Message , MessageType = M_PING , MessageId = 65535 , MessageReply = 0
DEBUG	2017/03/23 03:21:42.503	src/EI_Logger.C	373	(3235->???)  , MessageSource = 3235 , MessageDestination = -1 , MessageClass = MC_PendingSetupListMsg , MessageType = PSL_MTYPE , MessageId = 65535 , MessageReply = 0
DEBUG	2017/03/23 03:25:39.412	src/EI_Logger.C	373	last message repeated 2 times.
DEBUG	2017/03/23 03:25:39.412	src/EI_Logger.C	373	(P/M->E/I)  , MessageSource = 0 , MessageDestination = 36 , MessageClass = MC_Message , MessageType = M_PING , MessageId = 65535 , MessageReply = 0
DEBUG	2017/03/23 03:25:39.412	src/EI_Logger.C	373	(P/M->P/M)  , MessageSource = 0 , MessageDestination = 0 , MessageClass = MC_Message , MessageType = M_PING , MessageId = 65535 , MessageReply = 0
DEBUG	2017/03/23 03:26:12.791	src/EI_Logger.C	373	(3235->???)  , MessageSource = 3235 , MessageDestination = -1 , MessageClass = MC_PendingSetupListMsg , MessageType = PSL_MTYPE , MessageId = 65535 , MessageReply = 0
DEBUG	2017/03/23 03:30:39.011	src/EI_Logger.C	373	last message repeated 2 times.
DEBUG	2017/03/23 03:30:39.011	src/EI_Logger.C	373	(P/M->E/I)  , MessageSource = 0 , MessageDestination = 36 , MessageClass = MC_Message , MessageType = M_PING , MessageId = 65535 , MessageReply = 0
DEBUG	2017/03/23 03:30:39.032	src/EI_Logger.C	373	(P/M->P/M)  , MessageSource = 0 , MessageDestination = 0 , MessageClass = MC_Message , MessageType = M_PING , MessageId = 65535 , MessageReply = 0
DEBUG	2017/03/23 03:30:42.069	src/EI_Logger.C	373	(3235->???)  , MessageSource = 3235 , MessageDestination = -1 , MessageClass = MC_PendingSetupListMsg , MessageType = PSL_MTYPE , MessageId = 65535 , MessageReply = 0
DEBUG	2017/03/23 03:35:39.386	src/EI_Logger.C	373	last message repeated 3 times.
DEBUG	2017/03/23 03:35:39.386	src/EI_Logger.C	373	(P/M->E/I)  , MessageSource = 0 , MessageDestination = 36 , MessageClass = MC_Message , MessageType = M_PING , MessageId = 65535 , MessageReply = 0
DEBUG	2017/03/23 03:35:39.386	src/EI_Logger.C	373	(P/M->P/M)  , MessageSource = 0 , MessageDestination = 0 , MessageClass = MC_Message , MessageType = M_PING , MessageId = 65535 , MessageReply = 0
DEBUG	2017/03/23 03:36:42.442	src/EI_Logger.C	373	(3235->???)  , MessageSource = 3235 , MessageDestination = -1 , MessageClass = MC_PendingSetupListMsg , MessageType = PSL_MTYPE , MessageId = 65535 , MessageReply = 0
DEBUG	2017/03/23 03:40:39.746	src/EI_Logger.C	373	last message repeated 2 times.
DEBUG	2017/03/23 03:40:39.746	src/EI_Logger.C	373	(P/M->E/I)  , MessageSource = 0 , MessageDestination = 36 , MessageClass = MC_Message , MessageType = M_PING , MessageId = 65535 , MessageReply = 0
DEBUG	2017/03/23 03:40:39.746	src/EI_Logger.C	373	(P/M->P/M)  , MessageSource = 0 , MessageDestination = 0 , MessageClass = MC_Message , MessageType = M_PING , MessageId = 65535 , MessageReply = 0
DEBUG	2017/03/23 03:41:12.715	src/EI_Logger.C	373	(3235->???)  , MessageSource = 3235 , MessageDestination = -1 , MessageClass = MC_PendingSetupListMsg , MessageType = PSL_MTYPE , MessageId = 65535 , MessageReply = 0
DEBUG	2017/03/23 03:45:39.522	src/EI_Logger.C	373	last message repeated 2 times.
DEBUG	2017/03/23 03:45:39.522	src/EI_Logger.C	373	(P/M->E/I)  , MessageSource = 0 , MessageDestination = 36 , MessageClass = MC_Message , MessageType = M_PING , MessageId = 65535 , MessageReply = 0
DEBUG	2017/03/23 03:45:39.524	src/EI_Logger.C	373	(P/M->P/M)  , MessageSource = 0 , MessageDestination = 0 , MessageClass = MC_Message , MessageType = M_PING , MessageId = 65535 , MessageReply = 0
DEBUG	2017/03/23 03:45:42.998	src/EI_Logger.C	373	(3235->???)  , MessageSource = 3235 , MessageDestination = -1 , MessageClass = MC_PendingSetupListMsg , MessageType = PSL_MTYPE , MessageId = 65535 , MessageReply = 0
DEBUG	2017/03/23 03:50:39.359	src/EI_Logger.C	373	last message repeated 3 times.
DEBUG	2017/03/23 03:50:39.359	src/EI_Logger.C	373	(P/M->E/I)  , MessageSource = 0 , MessageDestination = 36 , MessageClass = MC_Message , MessageType = M_PING , MessageId = 65535 , MessageReply = 0
DEBUG	2017/03/23 03:50:39.360	src/EI_Logger.C	373	(P/M->P/M)  , MessageSource = 0 , MessageDestination = 0 , MessageClass = MC_Message , MessageType = M_PING , MessageId = 65535 , MessageReply = 0
DEBUG	2017/03/23 03:51:42.370	src/EI_Logger.C	373	(3235->???)  , MessageSource = 3235 , MessageDestination = -1 , MessageClass = MC_PendingSetupListMsg , MessageType = PSL_MTYPE , MessageId = 65535 , MessageReply = 0
DEBUG	2017/03/23 03:55:39.706	src/EI_Logger.C	373	last message repeated 2 times.
DEBUG	2017/03/23 03:55:39.706	src/EI_Logger.C	373	(P/M->E/I)  , MessageSource = 0 , MessageDestination = 36 , MessageClass = MC_Message , MessageType = M_PING , MessageId = 65535 , MessageReply = 0
DEBUG	2017/03/23 03:55:39.706	src/EI_Logger.C	373	(P/M->P/M)  , MessageSource = 0 , MessageDestination = 0 , MessageClass = MC_Message , MessageType = M_PING , MessageId = 65535 , MessageReply = 0
DEBUG	2017/03/23 03:56:12.649	src/EI_Logger.C	373	(3235->???)  , MessageSource = 3235 , MessageDestination = -1 , MessageClass = MC_PendingSetupListMsg , MessageType = PSL_MTYPE , MessageId = 65535 , MessageReply = 0
DEBUG	2017/03/23 04:00:39.032	src/EI_Logger.C	373	last message repeated 2 times.
DEBUG	2017/03/23 04:00:39.032	src/EI_Logger.C	373	(P/M->E/I)  , MessageSource = 0 , MessageDestination = 36 , MessageClass = MC_Message , MessageType = M_PING , MessageId = 65535 , MessageReply = 0
DEBUG	2017/03/23 04:00:39.032	src/EI_Logger.C	373	(P/M->P/M)  , MessageSource = 0 , MessageDestination = 0 , MessageClass = MC_Message , MessageType = M_PING , MessageId = 65535 , MessageReply = 0
DEBUG	2017/03/23 04:00:42.937	src/EI_Logger.C	373	(3235->???)  , MessageSource = 3235 , MessageDestination = -1 , MessageClass = MC_PendingSetupListMsg , MessageType = PSL_MTYPE , MessageId = 65535 , MessageReply = 0
DEBUG	2017/03/23 04:05:39.257	src/EI_Logger.C	373	last message repeated 3 times.
DEBUG	2017/03/23 04:05:39.257	src/EI_Logger.C	373	(P/M->E/I)  , MessageSource = 0 , MessageDestination = 36 , MessageClass = MC_Message , MessageType = M_PING , MessageId = 65535 , MessageReply = 0
DEBUG	2017/03/23 04:05:39.257	src/EI_Logger.C	373	(P/M->P/M)  , MessageSource = 0 , MessageDestination = 0 , MessageClass = MC_Message , MessageType = M_PING , MessageId = 65535 , MessageReply = 0
DEBUG	2017/03/23 04:06:42.314	src/EI_Logger.C	373	(3235->???)  , MessageSource = 3235 , MessageDestination = -1 , MessageClass = MC_PendingSetupListMsg , MessageType = PSL_MTYPE , MessageId = 65535 , MessageReply = 0
DEBUG	2017/03/23 04:10:39.693	src/EI_Logger.C	373	last message repeated 2 times.
DEBUG	2017/03/23 04:10:39.693	src/EI_Logger.C	373	(P/M->E/I)  , MessageSource = 0 , MessageDestination = 36 , MessageClass = MC_Message , MessageType = M_PING , MessageId = 65535 , MessageReply = 0
DEBUG	2017/03/23 04:10:39.693	src/EI_Logger.C	373	(P/M->P/M)  , MessageSource = 0 , MessageDestination = 0 , MessageClass = MC_Message , MessageType = M_PING , MessageId = 65535 , MessageReply = 0
DEBUG	2017/03/23 04:11:12.600	src/EI_Logger.C	373	(3235->???)  , MessageSource = 3235 , MessageDestination = -1 , MessageClass = MC_PendingSetupListMsg , MessageType = PSL_MTYPE , MessageId = 65535 , MessageReply = 0
DEBUG	2017/03/23 04:15:39.124	src/EI_Logger.C	373	last message repeated 2 times.
DEBUG	2017/03/23 04:15:39.124	src/EI_Logger.C	373	(P/M->E/I)  , MessageSource = 0 , MessageDestination = 36 , MessageClass = MC_Message , MessageType = M_PING , MessageId = 65535 , MessageReply = 0
DEBUG	2017/03/23 04:15:39.124	src/EI_Logger.C	373	(P/M->P/M)  , MessageSource = 0 , MessageDestination = 0 , MessageClass = MC_Message , MessageType = M_PING , MessageId = 65535 , MessageReply = 0
DEBUG	2017/03/23 04:15:42.883	src/EI_Logger.C	373	(3235->???)  , MessageSource = 3235 , MessageDestination = -1 , MessageClass = MC_PendingSetupListMsg , MessageType = PSL_MTYPE , MessageId = 65535 , MessageReply = 0
DEBUG	2017/03/23 04:20:39.629	src/EI_Logger.C	373	last message repeated 3 times.
DEBUG	2017/03/23 04:20:39.629	src/EI_Logger.C	373	(P/M->E/I)  , MessageSource = 0 , MessageDestination = 36 , MessageClass = MC_Message , MessageType = M_PING , MessageId = 65535 , MessageReply = 0
DEBUG	2017/03/23 04:20:39.629	src/EI_Logger.C	373	(P/M->P/M)  , MessageSource = 0 , MessageDestination = 0 , MessageClass = MC_Message , MessageType = M_PING , MessageId = 65535 , MessageReply = 0
DEBUG	2017/03/23 04:21:42.255	src/EI_Logger.C	373	(3235->???)  , MessageSource = 3235 , MessageDestination = -1 , MessageClass = MC_PendingSetupListMsg , MessageType = PSL_MTYPE , MessageId = 65535 , MessageReply = 0
DEBUG	2017/03/23 04:25:39.176	src/EI_Logger.C	373	last message repeated 2 times.
DEBUG	2017/03/23 04:25:39.176	src/EI_Logger.C	373	(P/M->E/I)  , MessageSource = 0 , MessageDestination = 36 , MessageClass = MC_Message , MessageType = M_PING , MessageId = 65535 , MessageReply = 0
DEBUG	2017/03/23 04:25:39.176	src/EI_Logger.C	373	(P/M->P/M)  , MessageSource = 0 , MessageDestination = 0 , MessageClass = MC_Message , MessageType = M_PING , MessageId = 65535 , MessageReply = 0
DEBUG	2017/03/23 04:26:12.537	src/EI_Logger.C	373	(3235->???)  , MessageSource = 3235 , MessageDestination = -1 , MessageClass = MC_PendingSetupListMsg , MessageType = PSL_MTYPE , MessageId = 65535 , MessageReply = 0
DEBUG	2017/03/23 04:30:39.703	src/EI_Logger.C	373	last message repeated 2 times.
DEBUG	2017/03/23 04:30:39.703	src/EI_Logger.C	373	(P/M->E/I)  , MessageSource = 0 , MessageDestination = 36 , MessageClass = MC_Message , MessageType = M_PING , MessageId = 65535 , MessageReply = 0
DEBUG	2017/03/23 04:30:39.704	src/EI_Logger.C	373	(P/M->P/M)  , MessageSource = 0 , MessageDestination = 0 , MessageClass = MC_Message , MessageType = M_PING , MessageId = 65535 , MessageReply = 0
DEBUG	2017/03/23 04:30:42.819	src/EI_Logger.C	373	(3235->???)  , MessageSource = 3235 , MessageDestination = -1 , MessageClass = MC_PendingSetupListMsg , MessageType = PSL_MTYPE , MessageId = 65535 , MessageReply = 0
DEBUG	2017/03/23 04:35:39.286	src/EI_Logger.C	373	last message repeated 3 times.
DEBUG	2017/03/23 04:35:39.286	src/EI_Logger.C	373	(P/M->E/I)  , MessageSource = 0 , MessageDestination = 36 , MessageClass = MC_Message , MessageType = M_PING , MessageId = 65535 , MessageReply = 0
DEBUG	2017/03/23 04:35:39.286	src/EI_Logger.C	373	(P/M->P/M)  , MessageSource = 0 , MessageDestination = 0 , MessageClass = MC_Message , MessageType = M_PING , MessageId = 65535 , MessageReply = 0
DEBUG	2017/03/23 04:36:43.194	src/EI_Logger.C	373	(3235->???)  , MessageSource = 3235 , MessageDestination = -1 , MessageClass = MC_PendingSetupListMsg , MessageType = PSL_MTYPE , MessageId = 65535 , MessageReply = 0
DEBUG	2017/03/23 04:40:39.637	src/EI_Logger.C	373	last message repeated 2 times.
DEBUG	2017/03/23 04:40:39.637	src/EI_Logger.C	373	(P/M->E/I)  , MessageSource = 0 , MessageDestination = 36 , MessageClass = MC_Message , MessageType = M_PING , MessageId = 65535 , MessageReply = 0
DEBUG	2017/03/23 04:40:39.639	src/EI_Logger.C	373	(P/M->P/M)  , MessageSource = 0 , MessageDestination = 0 , MessageClass = MC_Message , MessageType = M_PING , MessageId = 65535 , MessageReply = 0
DEBUG	2017/03/23 04:41:13.508	src/EI_Logger.C	373	(3235->???)  , MessageSource = 3235 , MessageDestination = -1 , MessageClass = MC_PendingSetupListMsg , MessageType = PSL_MTYPE , MessageId = 65535 , MessageReply = 0
DEBUG	2017/03/23 04:45:39.346	src/EI_Logger.C	373	last message repeated 2 times.
DEBUG	2017/03/23 04:45:39.346	src/EI_Logger.C	373	(P/M->E/I)  , MessageSource = 0 , MessageDestination = 36 , MessageClass = MC_Message , MessageType = M_PING , MessageId = 65535 , MessageReply = 0
DEBUG	2017/03/23 04:45:39.348	src/EI_Logger.C	373	(P/M->P/M)  , MessageSource = 0 , MessageDestination = 0 , MessageClass = MC_Message , MessageType = M_PING , MessageId = 65535 , MessageReply = 0
DEBUG	2017/03/23 04:45:43.798	src/EI_Logger.C	373	(3235->???)  , MessageSource = 3235 , MessageDestination = -1 , MessageClass = MC_PendingSetupListMsg , MessageType = PSL_MTYPE , MessageId = 65535 , MessageReply = 0
DEBUG	2017/03/23 04:50:39.296	src/EI_Logger.C	373	last message repeated 3 times.
DEBUG	2017/03/23 04:50:39.296	src/EI_Logger.C	373	(P/M->E/I)  , MessageSource = 0 , MessageDestination = 36 , MessageClass = MC_Message , MessageType = M_PING , MessageId = 65535 , MessageReply = 0
DEBUG	2017/03/23 04:50:39.296	src/EI_Logger.C	373	(P/M->P/M)  , MessageSource = 0 , MessageDestination = 0 , MessageClass = MC_Message , MessageType = M_PING , MessageId = 65535 , MessageReply = 0
DEBUG	2017/03/23 04:51:43.170	src/EI_Logger.C	373	(3235->???)  , MessageSource = 3235 , MessageDestination = -1 , MessageClass = MC_PendingSetupListMsg , MessageType = PSL_MTYPE , MessageId = 65535 , MessageReply = 0
DEBUG	2017/03/23 04:55:39.293	src/EI_Logger.C	373	last message repeated 2 times.
DEBUG	2017/03/23 04:55:39.293	src/EI_Logger.C	373	(P/M->E/I)  , MessageSource = 0 , MessageDestination = 36 , MessageClass = MC_Message , MessageType = M_PING , MessageId = 65535 , MessageReply = 0
DEBUG	2017/03/23 04:55:39.293	src/EI_Logger.C	373	(P/M->P/M)  , MessageSource = 0 , MessageDestination = 0 , MessageClass = MC_Message , MessageType = M_PING , MessageId = 65535 , MessageReply = 0
DEBUG	2017/03/23 04:56:13.444	src/EI_Logger.C	373	(3235->???)  , MessageSource = 3235 , MessageDestination = -1 , MessageClass = MC_PendingSetupListMsg , MessageType = PSL_MTYPE , MessageId = 65535 , MessageReply = 0
DEBUG	2017/03/23 05:00:39.687	src/EI_Logger.C	373	last message repeated 2 times.
DEBUG	2017/03/23 05:00:39.687	src/EI_Logger.C	373	(P/M->E/I)  , MessageSource = 0 , MessageDestination = 36 , MessageClass = MC_Message , MessageType = M_PING , MessageId = 65535 , MessageReply = 0
DEBUG	2017/03/23 05:00:39.687	src/EI_Logger.C	373	(P/M->P/M)  , MessageSource = 0 , MessageDestination = 0 , MessageClass = MC_Message , MessageType = M_PING , MessageId = 65535 , MessageReply = 0
DEBUG	2017/03/23 05:00:43.719	src/EI_Logger.C	373	(3235->???)  , MessageSource = 3235 , MessageDestination = -1 , MessageClass = MC_PendingSetupListMsg , MessageType = PSL_MTYPE , MessageId = 65535 , MessageReply = 0
DEBUG	2017/03/23 05:05:39.094	src/EI_Logger.C	373	last message repeated 3 times.
DEBUG	2017/03/23 05:05:39.094	src/EI_Logger.C	373	(P/M->E/I)  , MessageSource = 0 , MessageDestination = 36 , MessageClass = MC_Message , MessageType = M_PING , MessageId = 65535 , MessageReply = 0
DEBUG	2017/03/23 05:05:39.094	src/EI_Logger.C	373	(P/M->P/M)  , MessageSource = 0 , MessageDestination = 0 , MessageClass = MC_Message , MessageType = M_PING , MessageId = 65535 , MessageReply = 0
DEBUG	2017/03/23 05:06:43.080	src/EI_Logger.C	373	(3235->???)  , MessageSource = 3235 , MessageDestination = -1 , MessageClass = MC_PendingSetupListMsg , MessageType = PSL_MTYPE , MessageId = 65535 , MessageReply = 0
DEBUG	2017/03/23 05:10:39.568	src/EI_Logger.C	373	last message repeated 2 times.
DEBUG	2017/03/23 05:10:39.568	src/EI_Logger.C	373	(P/M->E/I)  , MessageSource = 0 , MessageDestination = 36 , MessageClass = MC_Message , MessageType = M_PING , MessageId = 65535 , MessageReply = 0
DEBUG	2017/03/23 05:10:39.568	src/EI_Logger.C	373	(P/M->P/M)  , MessageSource = 0 , MessageDestination = 0 , MessageClass = MC_Message , MessageType = M_PING , MessageId = 65535 , MessageReply = 0
DEBUG	2017/03/23 05:11:13.378	src/EI_Logger.C	373	(3235->???)  , MessageSource = 3235 , MessageDestination = -1 , MessageClass = MC_PendingSetupListMsg , MessageType = PSL_MTYPE , MessageId = 65535 , MessageReply = 0
DEBUG	2017/03/23 05:15:39.054	src/EI_Logger.C	373	last message repeated 2 times.
DEBUG	2017/03/23 05:15:39.054	src/EI_Logger.C	373	(P/M->E/I)  , MessageSource = 0 , MessageDestination = 36 , MessageClass = MC_Message , MessageType = M_PING , MessageId = 65535 , MessageReply = 0
DEBUG	2017/03/23 05:15:39.054	src/EI_Logger.C	373	(P/M->P/M)  , MessageSource = 0 , MessageDestination = 0 , MessageClass = MC_Message , MessageType = M_PING , MessageId = 65535 , MessageReply = 0
DEBUG	2017/03/23 05:15:43.711	src/EI_Logger.C	373	(3235->???)  , MessageSource = 3235 , MessageDestination = -1 , MessageClass = MC_PendingSetupListMsg , MessageType = PSL_MTYPE , MessageId = 65535 , MessageReply = 0
DEBUG	2017/03/23 05:20:39.225	src/EI_Logger.C	373	last message repeated 3 times.
DEBUG	2017/03/23 05:20:39.225	src/EI_Logger.C	373	(P/M->E/I)  , MessageSource = 0 , MessageDestination = 36 , MessageClass = MC_Message , MessageType = M_PING , MessageId = 65535 , MessageReply = 0
DEBUG	2017/03/23 05:20:39.226	src/EI_Logger.C	373	(P/M->P/M)  , MessageSource = 0 , MessageDestination = 0 , MessageClass = MC_Message , MessageType = M_PING , MessageId = 65535 , MessageReply = 0
DEBUG	2017/03/23 05:21:44.106	src/EI_Logger.C	373	(3235->???)  , MessageSource = 3235 , MessageDestination = -1 , MessageClass = MC_PendingSetupListMsg , MessageType = PSL_MTYPE , MessageId = 65535 , MessageReply = 0
DEBUG	2017/03/23 05:25:39.013	src/EI_Logger.C	373	last message repeated 2 times.
DEBUG	2017/03/23 05:25:39.013	src/EI_Logger.C	373	(P/M->E/I)  , MessageSource = 0 , MessageDestination = 36 , MessageClass = MC_Message , MessageType = M_PING , MessageId = 65535 , MessageReply = 0
DEBUG	2017/03/23 05:25:39.017	src/EI_Logger.C	373	(P/M->P/M)  , MessageSource = 0 , MessageDestination = 0 , MessageClass = MC_Message , MessageType = M_PING , MessageId = 65535 , MessageReply = 0
DEBUG	2017/03/23 05:26:14.390	src/EI_Logger.C	373	(3235->???)  , MessageSource = 3235 , MessageDestination = -1 , MessageClass = MC_PendingSetupListMsg , MessageType = PSL_MTYPE , MessageId = 65535 , MessageReply = 0
DEBUG	2017/03/23 05:30:39.421	src/EI_Logger.C	373	last message repeated 2 times.
DEBUG	2017/03/23 05:30:39.421	src/EI_Logger.C	373	(P/M->E/I)  , MessageSource = 0 , MessageDestination = 36 , MessageClass = MC_Message , MessageType = M_PING , MessageId = 65535 , MessageReply = 0
DEBUG	2017/03/23 05:30:39.421	src/EI_Logger.C	373	(P/M->P/M)  , MessageSource = 0 , MessageDestination = 0 , MessageClass = MC_Message , MessageType = M_PING , MessageId = 65535 , MessageReply = 0
DEBUG	2017/03/23 05:30:44.701	src/EI_Logger.C	373	(3235->???)  , MessageSource = 3235 , MessageDestination = -1 , MessageClass = MC_PendingSetupListMsg , MessageType = PSL_MTYPE , MessageId = 65535 , MessageReply = 0
DEBUG	2017/03/23 05:35:39.217	src/EI_Logger.C	373	last message repeated 3 times.
DEBUG	2017/03/23 05:35:39.217	src/EI_Logger.C	373	(P/M->E/I)  , MessageSource = 0 , MessageDestination = 36 , MessageClass = MC_Message , MessageType = M_PING , MessageId = 65535 , MessageReply = 0
DEBUG	2017/03/23 05:35:39.217	src/EI_Logger.C	373	(P/M->P/M)  , MessageSource = 0 , MessageDestination = 0 , MessageClass = MC_Message , MessageType = M_PING , MessageId = 65535 , MessageReply = 0
DEBUG	2017/03/23 05:36:44.083	src/EI_Logger.C	373	(3235->???)  , MessageSource = 3235 , MessageDestination = -1 , MessageClass = MC_PendingSetupListMsg , MessageType = PSL_MTYPE , MessageId = 65535 , MessageReply = 0
DEBUG	2017/03/23 05:40:39.525	src/EI_Logger.C	373	last message repeated 2 times.
DEBUG	2017/03/23 05:40:39.525	src/EI_Logger.C	373	(P/M->E/I)  , MessageSource = 0 , MessageDestination = 36 , MessageClass = MC_Message , MessageType = M_PING , MessageId = 65535 , MessageReply = 0
DEBUG	2017/03/23 05:40:39.525	src/EI_Logger.C	373	(P/M->P/M)  , MessageSource = 0 , MessageDestination = 0 , MessageClass = MC_Message , MessageType = M_PING , MessageId = 65535 , MessageReply = 0
DEBUG	2017/03/23 05:41:14.386	src/EI_Logger.C	373	(3235->???)  , MessageSource = 3235 , MessageDestination = -1 , MessageClass = MC_PendingSetupListMsg , MessageType = PSL_MTYPE , MessageId = 65535 , MessageReply = 0
DEBUG	2017/03/23 05:45:39.114	src/EI_Logger.C	373	last message repeated 2 times.
DEBUG	2017/03/23 05:45:39.114	src/EI_Logger.C	373	(P/M->E/I)  , MessageSource = 0 , MessageDestination = 36 , MessageClass = MC_Message , MessageType = M_PING , MessageId = 65535 , MessageReply = 0
DEBUG	2017/03/23 05:45:39.114	src/EI_Logger.C	373	(P/M->P/M)  , MessageSource = 0 , MessageDestination = 0 , MessageClass = MC_Message , MessageType = M_PING , MessageId = 65535 , MessageReply = 0
DEBUG	2017/03/23 05:45:44.689	src/EI_Logger.C	373	(3235->???)  , MessageSource = 3235 , MessageDestination = -1 , MessageClass = MC_PendingSetupListMsg , MessageType = PSL_MTYPE , MessageId = 65535 , MessageReply = 0
DEBUG	2017/03/23 05:50:39.564	src/EI_Logger.C	373	last message repeated 3 times.
DEBUG	2017/03/23 05:50:39.564	src/EI_Logger.C	373	(P/M->E/I)  , MessageSource = 0 , MessageDestination = 36 , MessageClass = MC_Message , MessageType = M_PING , MessageId = 65535 , MessageReply = 0
DEBUG	2017/03/23 05:50:39.564	src/EI_Logger.C	373	(P/M->P/M)  , MessageSource = 0 , MessageDestination = 0 , MessageClass = MC_Message , MessageType = M_PING , MessageId = 65535 , MessageReply = 0
DEBUG	2017/03/23 05:51:44.051	src/EI_Logger.C	373	(3235->???)  , MessageSource = 3235 , MessageDestination = -1 , MessageClass = MC_PendingSetupListMsg , MessageType = PSL_MTYPE , MessageId = 65535 , MessageReply = 0
DEBUG	2017/03/23 05:55:39.024	src/EI_Logger.C	373	last message repeated 2 times.
DEBUG	2017/03/23 05:55:39.024	src/EI_Logger.C	373	(P/M->E/I)  , MessageSource = 0 , MessageDestination = 36 , MessageClass = MC_Message , MessageType = M_PING , MessageId = 65535 , MessageReply = 0
DEBUG	2017/03/23 05:55:39.024	src/EI_Logger.C	373	(P/M->P/M)  , MessageSource = 0 , MessageDestination = 0 , MessageClass = MC_Message , MessageType = M_PING , MessageId = 65535 , MessageReply = 0
DEBUG	2017/03/23 05:56:14.324	src/EI_Logger.C	373	(3235->???)  , MessageSource = 3235 , MessageDestination = -1 , MessageClass = MC_PendingSetupListMsg , MessageType = PSL_MTYPE , MessageId = 65535 , MessageReply = 0
DEBUG	2017/03/23 06:00:39.442	src/EI_Logger.C	373	last message repeated 2 times.
DEBUG	2017/03/23 06:00:39.442	src/EI_Logger.C	373	(P/M->E/I)  , MessageSource = 0 , MessageDestination = 36 , MessageClass = MC_Message , MessageType = M_PING , MessageId = 65535 , MessageReply = 0
DEBUG	2017/03/23 06:00:39.444	src/EI_Logger.C	373	(P/M->P/M)  , MessageSource = 0 , MessageDestination = 0 , MessageClass = MC_Message , MessageType = M_PING , MessageId = 65535 , MessageReply = 0
DEBUG	2017/03/23 06:00:44.599	src/EI_Logger.C	373	(3235->???)  , MessageSource = 3235 , MessageDestination = -1 , MessageClass = MC_PendingSetupListMsg , MessageType = PSL_MTYPE , MessageId = 65535 , MessageReply = 0
DEBUG	2017/03/23 06:05:39.856	src/EI_Logger.C	373	last message repeated 3 times.
DEBUG	2017/03/23 06:05:39.856	src/EI_Logger.C	373	(P/M->E/I)  , MessageSource = 0 , MessageDestination = 36 , MessageClass = MC_Message , MessageType = M_PING , MessageId = 65535 , MessageReply = 0
DEBUG	2017/03/23 06:05:39.857	src/EI_Logger.C	373	(P/M->P/M)  , MessageSource = 0 , MessageDestination = 0 , MessageClass = MC_Message , MessageType = M_PING , MessageId = 65535 , MessageReply = 0
DEBUG	2017/03/23 06:06:44.979	src/EI_Logger.C	373	(3235->???)  , MessageSource = 3235 , MessageDestination = -1 , MessageClass = MC_PendingSetupListMsg , MessageType = PSL_MTYPE , MessageId = 65535 , MessageReply = 0
DEBUG	2017/03/23 06:10:39.237	src/EI_Logger.C	373	last message repeated 2 times.
DEBUG	2017/03/23 06:10:39.237	src/EI_Logger.C	373	(P/M->E/I)  , MessageSource = 0 , MessageDestination = 36 , MessageClass = MC_Message , MessageType = M_PING , MessageId = 65535 , MessageReply = 0
DEBUG	2017/03/23 06:10:39.239	src/EI_Logger.C	373	(P/M->P/M)  , MessageSource = 0 , MessageDestination = 0 , MessageClass = MC_Message , MessageType = M_PING , MessageId = 65535 , MessageReply = 0
DEBUG	2017/03/23 06:11:14.255	src/EI_Logger.C	373	(3235->???)  , MessageSource = 3235 , MessageDestination = -1 , MessageClass = MC_PendingSetupListMsg , MessageType = PSL_MTYPE , MessageId = 65535 , MessageReply = 0
DEBUG	2017/03/23 06:15:39.855	src/EI_Logger.C	373	last message repeated 2 times.
DEBUG	2017/03/23 06:15:39.855	src/EI_Logger.C	373	(P/M->E/I)  , MessageSource = 0 , MessageDestination = 36 , MessageClass = MC_Message , MessageType = M_PING , MessageId = 65535 , MessageReply = 0
DEBUG	2017/03/23 06:15:39.856	src/EI_Logger.C	373	(P/M->P/M)  , MessageSource = 0 , MessageDestination = 0 , MessageClass = MC_Message , MessageType = M_PING , MessageId = 65535 , MessageReply = 0
DEBUG	2017/03/23 06:15:44.532	src/EI_Logger.C	373	(3235->???)  , MessageSource = 3235 , MessageDestination = -1 , MessageClass = MC_PendingSetupListMsg , MessageType = PSL_MTYPE , MessageId = 65535 , MessageReply = 0
DEBUG	2017/03/23 06:20:39.463	src/EI_Logger.C	373	last message repeated 3 times.
DEBUG	2017/03/23 06:20:39.463	src/EI_Logger.C	373	(P/M->E/I)  , MessageSource = 0 , MessageDestination = 36 , MessageClass = MC_Message , MessageType = M_PING , MessageId = 65535 , MessageReply = 0
DEBUG	2017/03/23 06:20:39.463	src/EI_Logger.C	373	(P/M->P/M)  , MessageSource = 0 , MessageDestination = 0 , MessageClass = MC_Message , MessageType = M_PING , MessageId = 65535 , MessageReply = 0
DEBUG	2017/03/23 06:21:44.915	src/EI_Logger.C	373	(3235->???)  , MessageSource = 3235 , MessageDestination = -1 , MessageClass = MC_PendingSetupListMsg , MessageType = PSL_MTYPE , MessageId = 65535 , MessageReply = 0
DEBUG	2017/03/23 06:25:39.029	src/EI_Logger.C	373	last message repeated 2 times.
DEBUG	2017/03/23 06:25:39.029	src/EI_Logger.C	373	(P/M->E/I)  , MessageSource = 0 , MessageDestination = 36 , MessageClass = MC_Message , MessageType = M_PING , MessageId = 65535 , MessageReply = 0
DEBUG	2017/03/23 06:25:39.029	src/EI_Logger.C	373	(P/M->P/M)  , MessageSource = 0 , MessageDestination = 0 , MessageClass = MC_Message , MessageType = M_PING , MessageId = 65535 , MessageReply = 0
DEBUG	2017/03/23 06:26:14.195	src/EI_Logger.C	373	(3235->???)  , MessageSource = 3235 , MessageDestination = -1 , MessageClass = MC_PendingSetupListMsg , MessageType = PSL_MTYPE , MessageId = 65535 , MessageReply = 0
DEBUG	2017/03/23 06:30:39.510	src/EI_Logger.C	373	last message repeated 2 times.
DEBUG	2017/03/23 06:30:39.510	src/EI_Logger.C	373	(P/M->E/I)  , MessageSource = 0 , MessageDestination = 36 , MessageClass = MC_Message , MessageType = M_PING , MessageId = 65535 , MessageReply = 0
DEBUG	2017/03/23 06:30:39.511	src/EI_Logger.C	373	(P/M->P/M)  , MessageSource = 0 , MessageDestination = 0 , MessageClass = MC_Message , MessageType = M_PING , MessageId = 65535 , MessageReply = 0
DEBUG	2017/03/23 06:30:44.477	src/EI_Logger.C	373	(3235->???)  , MessageSource = 3235 , MessageDestination = -1 , MessageClass = MC_PendingSetupListMsg , MessageType = PSL_MTYPE , MessageId = 65535 , MessageReply = 0
DEBUG	2017/03/23 06:35:39.051	src/EI_Logger.C	373	last message repeated 3 times.
DEBUG	2017/03/23 06:35:39.051	src/EI_Logger.C	373	(P/M->E/I)  , MessageSource = 0 , MessageDestination = 36 , MessageClass = MC_Message , MessageType = M_PING , MessageId = 65535 , MessageReply = 0
DEBUG	2017/03/23 06:35:39.051	src/EI_Logger.C	373	(P/M->P/M)  , MessageSource = 0 , MessageDestination = 0 , MessageClass = MC_Message , MessageType = M_PING , MessageId = 65535 , MessageReply = 0
DEBUG	2017/03/23 06:36:44.852	src/EI_Logger.C	373	(3235->???)  , MessageSource = 3235 , MessageDestination = -1 , MessageClass = MC_PendingSetupListMsg , MessageType = PSL_MTYPE , MessageId = 65535 , MessageReply = 0
DEBUG	2017/03/23 06:40:39.383	src/EI_Logger.C	373	last message repeated 2 times.
DEBUG	2017/03/23 06:40:39.383	src/EI_Logger.C	373	(P/M->E/I)  , MessageSource = 0 , MessageDestination = 36 , MessageClass = MC_Message , MessageType = M_PING , MessageId = 65535 , MessageReply = 0
DEBUG	2017/03/23 06:40:39.383	src/EI_Logger.C	373	(P/M->P/M)  , MessageSource = 0 , MessageDestination = 0 , MessageClass = MC_Message , MessageType = M_PING , MessageId = 65535 , MessageReply = 0
DEBUG	2017/03/23 06:41:14.127	src/EI_Logger.C	373	(3235->???)  , MessageSource = 3235 , MessageDestination = -1 , MessageClass = MC_PendingSetupListMsg , MessageType = PSL_MTYPE , MessageId = 65535 , MessageReply = 0
DEBUG	2017/03/23 06:45:39.492	src/EI_Logger.C	373	last message repeated 2 times.
DEBUG	2017/03/23 06:45:39.492	src/EI_Logger.C	373	(P/M->E/I)  , MessageSource = 0 , MessageDestination = 36 , MessageClass = MC_Message , MessageType = M_PING , MessageId = 65535 , MessageReply = 0
DEBUG	2017/03/23 06:45:39.493	src/EI_Logger.C	373	(P/M->P/M)  , MessageSource = 0 , MessageDestination = 0 , MessageClass = MC_Message , MessageType = M_PING , MessageId = 65535 , MessageReply = 0
DEBUG	2017/03/23 06:45:44.417	src/EI_Logger.C	373	(3235->???)  , MessageSource = 3235 , MessageDestination = -1 , MessageClass = MC_PendingSetupListMsg , MessageType = PSL_MTYPE , MessageId = 65535 , MessageReply = 0
DEBUG	2017/03/23 06:50:39.371	src/EI_Logger.C	373	last message repeated 3 times.
DEBUG	2017/03/23 06:50:39.371	src/EI_Logger.C	373	(P/M->E/I)  , MessageSource = 0 , MessageDestination = 36 , MessageClass = MC_Message , MessageType = M_PING , MessageId = 65535 , MessageReply = 0
DEBUG	2017/03/23 06:50:39.371	src/EI_Logger.C	373	(P/M->P/M)  , MessageSource = 0 , MessageDestination = 0 , MessageClass = MC_Message , MessageType = M_PING , MessageId = 65535 , MessageReply = 0
DEBUG	2017/03/23 06:51:44.790	src/EI_Logger.C	373	(3235->???)  , MessageSource = 3235 , MessageDestination = -1 , MessageClass = MC_PendingSetupListMsg , MessageType = PSL_MTYPE , MessageId = 65535 , MessageReply = 0
DEBUG	2017/03/23 06:55:39.794	src/EI_Logger.C	373	last message repeated 2 times.
DEBUG	2017/03/23 06:55:39.794	src/EI_Logger.C	373	(P/M->E/I)  , MessageSource = 0 , MessageDestination = 36 , MessageClass = MC_Message , MessageType = M_PING , MessageId = 65535 , MessageReply = 0
DEBUG	2017/03/23 06:55:39.798	src/EI_Logger.C	373	(P/M->P/M)  , MessageSource = 0 , MessageDestination = 0 , MessageClass = MC_Message , MessageType = M_PING , MessageId = 65535 , MessageReply = 0
DEBUG	2017/03/23 06:56:14.066	src/EI_Logger.C	373	(3235->???)  , MessageSource = 3235 , MessageDestination = -1 , MessageClass = MC_PendingSetupListMsg , MessageType = PSL_MTYPE , MessageId = 65535 , MessageReply = 0
DEBUG	2017/03/23 07:00:39.192	src/EI_Logger.C	373	last message repeated 2 times.
DEBUG	2017/03/23 07:00:39.192	src/EI_Logger.C	373	(P/M->E/I)  , MessageSource = 0 , MessageDestination = 36 , MessageClass = MC_Message , MessageType = M_PING , MessageId = 65535 , MessageReply = 0
DEBUG	2017/03/23 07:00:39.193	src/EI_Logger.C	373	(P/M->P/M)  , MessageSource = 0 , MessageDestination = 0 , MessageClass = MC_Message , MessageType = M_PING , MessageId = 65535 , MessageReply = 0
DEBUG	2017/03/23 07:00:44.348	src/EI_Logger.C	373	(3235->???)  , MessageSource = 3235 , MessageDestination = -1 , MessageClass = MC_PendingSetupListMsg , MessageType = PSL_MTYPE , MessageId = 65535 , MessageReply = 0
DEBUG	2017/03/23 07:05:39.032	src/EI_Logger.C	373	last message repeated 3 times.
DEBUG	2017/03/23 07:05:39.032	src/EI_Logger.C	373	(P/M->E/I)  , MessageSource = 0 , MessageDestination = 36 , MessageClass = MC_Message , MessageType = M_PING , MessageId = 65535 , MessageReply = 0
DEBUG	2017/03/23 07:05:39.033	src/EI_Logger.C	373	(P/M->P/M)  , MessageSource = 0 , MessageDestination = 0 , MessageClass = MC_Message , MessageType = M_PING , MessageId = 65535 , MessageReply = 0
DEBUG	2017/03/23 07:06:44.755	src/EI_Logger.C	373	(3235->???)  , MessageSource = 3235 , MessageDestination = -1 , MessageClass = MC_PendingSetupListMsg , MessageType = PSL_MTYPE , MessageId = 65535 , MessageReply = 0
DEBUG	2017/03/23 07:10:39.424	src/EI_Logger.C	373	last message repeated 2 times.
DEBUG	2017/03/23 07:10:39.424	src/EI_Logger.C	373	(P/M->E/I)  , MessageSource = 0 , MessageDestination = 36 , MessageClass = MC_Message , MessageType = M_PING , MessageId = 65535 , MessageReply = 0
DEBUG	2017/03/23 07:10:39.426	src/EI_Logger.C	373	(P/M->P/M)  , MessageSource = 0 , MessageDestination = 0 , MessageClass = MC_Message , MessageType = M_PING , MessageId = 65535 , MessageReply = 0
DEBUG	2017/03/23 07:11:14.030	src/EI_Logger.C	373	(3235->???)  , MessageSource = 3235 , MessageDestination = -1 , MessageClass = MC_PendingSetupListMsg , MessageType = PSL_MTYPE , MessageId = 65535 , MessageReply = 0
DEBUG	2017/03/23 07:15:39.628	src/EI_Logger.C	373	last message repeated 2 times.
DEBUG	2017/03/23 07:15:39.628	src/EI_Logger.C	373	(P/M->E/I)  , MessageSource = 0 , MessageDestination = 36 , MessageClass = MC_Message , MessageType = M_PING , MessageId = 65535 , MessageReply = 0
DEBUG	2017/03/23 07:15:39.628	src/EI_Logger.C	373	(P/M->P/M)  , MessageSource = 0 , MessageDestination = 0 , MessageClass = MC_Message , MessageType = M_PING , MessageId = 65535 , MessageReply = 0
DEBUG	2017/03/23 07:15:44.306	src/EI_Logger.C	373	(3235->???)  , MessageSource = 3235 , MessageDestination = -1 , MessageClass = MC_PendingSetupListMsg , MessageType = PSL_MTYPE , MessageId = 65535 , MessageReply = 0
DEBUG	2017/03/23 07:20:39.653	src/EI_Logger.C	373	last message repeated 3 times.
DEBUG	2017/03/23 07:20:39.653	src/EI_Logger.C	373	(P/M->E/I)  , MessageSource = 0 , MessageDestination = 36 , MessageClass = MC_Message , MessageType = M_PING , MessageId = 65535 , MessageReply = 0
DEBUG	2017/03/23 07:20:39.654	src/EI_Logger.C	373	(P/M->P/M)  , MessageSource = 0 , MessageDestination = 0 , MessageClass = MC_Message , MessageType = M_PING , MessageId = 65535 , MessageReply = 0
DEBUG	2017/03/23 07:21:44.682	src/EI_Logger.C	373	(3235->???)  , MessageSource = 3235 , MessageDestination = -1 , MessageClass = MC_PendingSetupListMsg , MessageType = PSL_MTYPE , MessageId = 65535 , MessageReply = 0
DEBUG	2017/03/23 07:25:39.438	src/EI_Logger.C	373	last message repeated 2 times.
DEBUG	2017/03/23 07:25:39.438	src/EI_Logger.C	373	(P/M->E/I)  , MessageSource = 0 , MessageDestination = 36 , MessageClass = MC_Message , MessageType = M_PING , MessageId = 65535 , MessageReply = 0
DEBUG	2017/03/23 07:25:39.438	src/EI_Logger.C	373	(P/M->P/M)  , MessageSource = 0 , MessageDestination = 0 , MessageClass = MC_Message , MessageType = M_PING , MessageId = 65535 , MessageReply = 0
DEBUG	2017/03/23 07:26:14.975	src/EI_Logger.C	373	(3235->???)  , MessageSource = 3235 , MessageDestination = -1 , MessageClass = MC_PendingSetupListMsg , MessageType = PSL_MTYPE , MessageId = 65535 , MessageReply = 0
DEBUG	2017/03/23 07:30:39.469	src/EI_Logger.C	373	last message repeated 2 times.
DEBUG	2017/03/23 07:30:39.469	src/EI_Logger.C	373	(P/M->E/I)  , MessageSource = 0 , MessageDestination = 36 , MessageClass = MC_Message , MessageType = M_PING , MessageId = 65535 , MessageReply = 0
DEBUG	2017/03/23 07:30:39.472	src/EI_Logger.C	373	(P/M->P/M)  , MessageSource = 0 , MessageDestination = 0 , MessageClass = MC_Message , MessageType = M_PING , MessageId = 65535 , MessageReply = 0
DEBUG	2017/03/23 07:30:44.266	src/EI_Logger.C	373	(3235->???)  , MessageSource = 3235 , MessageDestination = -1 , MessageClass = MC_PendingSetupListMsg , MessageType = PSL_MTYPE , MessageId = 65535 , MessageReply = 0
DEBUG	2017/03/23 07:35:39.125	src/EI_Logger.C	373	last message repeated 3 times.
DEBUG	2017/03/23 07:35:39.125	src/EI_Logger.C	373	(P/M->E/I)  , MessageSource = 0 , MessageDestination = 36 , MessageClass = MC_Message , MessageType = M_PING , MessageId = 65535 , MessageReply = 0
DEBUG	2017/03/23 07:35:39.125	src/EI_Logger.C	373	(P/M->P/M)  , MessageSource = 0 , MessageDestination = 0 , MessageClass = MC_Message , MessageType = M_PING , MessageId = 65535 , MessageReply = 0
DEBUG	2017/03/23 07:36:44.614	src/EI_Logger.C	373	(3235->???)  , MessageSource = 3235 , MessageDestination = -1 , MessageClass = MC_PendingSetupListMsg , MessageType = PSL_MTYPE , MessageId = 65535 , MessageReply = 0
DEBUG	2017/03/23 07:40:39.443	src/EI_Logger.C	373	last message repeated 2 times.
DEBUG	2017/03/23 07:40:39.443	src/EI_Logger.C	373	(P/M->E/I)  , MessageSource = 0 , MessageDestination = 36 , MessageClass = MC_Message , MessageType = M_PING , MessageId = 65535 , MessageReply = 0
DEBUG	2017/03/23 07:40:39.444	src/EI_Logger.C	373	(P/M->P/M)  , MessageSource = 0 , MessageDestination = 0 , MessageClass = MC_Message , MessageType = M_PING , MessageId = 65535 , MessageReply = 0
DEBUG	2017/03/23 07:41:14.896	src/EI_Logger.C	373	(3235->???)  , MessageSource = 3235 , MessageDestination = -1 , MessageClass = MC_PendingSetupListMsg , MessageType = PSL_MTYPE , MessageId = 65535 , MessageReply = 0
DEBUG	2017/03/23 07:45:39.948	src/EI_Logger.C	373	last message repeated 2 times.
DEBUG	2017/03/23 07:45:39.948	src/EI_Logger.C	373	(P/M->E/I)  , MessageSource = 0 , MessageDestination = 36 , MessageClass = MC_Message , MessageType = M_PING , MessageId = 65535 , MessageReply = 0
DEBUG	2017/03/23 07:45:39.952	src/EI_Logger.C	373	(P/M->P/M)  , MessageSource = 0 , MessageDestination = 0 , MessageClass = MC_Message , MessageType = M_PING , MessageId = 65535 , MessageReply = 0
DEBUG	2017/03/23 07:45:44.189	src/EI_Logger.C	373	(3235->???)  , MessageSource = 3235 , MessageDestination = -1 , MessageClass = MC_PendingSetupListMsg , MessageType = PSL_MTYPE , MessageId = 65535 , MessageReply = 0
DEBUG	2017/03/23 07:50:39.099	src/EI_Logger.C	373	last message repeated 3 times.
DEBUG	2017/03/23 07:50:39.099	src/EI_Logger.C	373	(P/M->E/I)  , MessageSource = 0 , MessageDestination = 36 , MessageClass = MC_Message , MessageType = M_PING , MessageId = 65535 , MessageReply = 0
DEBUG	2017/03/23 07:50:39.099	src/EI_Logger.C	373	(P/M->P/M)  , MessageSource = 0 , MessageDestination = 0 , MessageClass = MC_Message , MessageType = M_PING , MessageId = 65535 , MessageReply = 0
DEBUG	2017/03/23 07:51:44.561	src/EI_Logger.C	373	(3235->???)  , MessageSource = 3235 , MessageDestination = -1 , MessageClass = MC_PendingSetupListMsg , MessageType = PSL_MTYPE , MessageId = 65535 , MessageReply = 0
DEBUG	2017/03/23 07:54:19.788	src/EI_Logger.C	373	last message repeated 1 times.
DEBUG	2017/03/23 07:54:19.788	src/EI_Logger.C	373	(001->???)  , MessageSource = 1 , MessageDestination = -1 , MessageClass = MC_AppDebugModeMsg , MessageType = ADS_STOP_DEBUG , MessageId = 65535 , MessageReply = 0
DEBUG	2017/03/23 07:54:19.791	src/AppLogger.C	298	******************** STOPPING DEBUG LOGGING ********************
DEBUG	2017/03/23 10:36:46.901	src/AppLogger.C	275	******************** STARTING DEBUG LOGGING ********************
DEBUG	2017/03/23 10:36:46.903	src/EI_Logger.C	373	(3094->???)  , MessageSource = 3094 , MessageDestination = -1 , MessageClass = MC_AppDebugModeMsg , MessageType = ADS_QUERY_DEBUG_STATUS , MessageId = 65535 , MessageReply = 0
DEBUG	2017/03/23 10:36:46.904	src/EI_Logger.C	373	(3094->3094)  , MessageSource = 3094 , MessageDestination = 3094 , MessageClass = MC_AppDebugModeMsg , MessageType = ADS_DEBUG_ON , MessageId = 65535 , MessageReply = 0 , FileName = "/home/panadmin/data/log/cimclogs/20170323/LNB_LM_INTERFACE_Module-2_APP_20170323000025.log" , RouteId = 1002
DEBUG	2017/03/23 10:36:46.906	src/EI_Logger.C	373	(3095->???)  , MessageSource = 3095 , MessageDestination = -1 , MessageClass = MC_AppDebugModeMsg , MessageType = ADS_QUERY_DEBUG_STATUS , MessageId = 65535 , MessageReply = 0
DEBUG	2017/03/23 10:36:46.906	src/EI_Logger.C	373	(3095->3095)  , MessageSource = 3095 , MessageDestination = 3095 , MessageClass = MC_AppDebugModeMsg , MessageType = ADS_DEBUG_ON , MessageId = 65535 , MessageReply = 0 , FileName = "/home/panadmin/data/log/cimclogs/20170323/LNB_LM_INTERFACE_Module-2_APP_20170323000025.log" , RouteId = 1002
DEBUG	2017/03/23 10:36:47.141	src/EI_Logger.C	373	(4209->???)  , MessageSource = 4209 , MessageDestination = -1 , MessageClass = MC_Message , MessageType = M_STATUSREQUEST , MessageId = 65535 , MessageReply = 0
DEBUG	2017/03/23 10:36:47.141	src/EI_Logger.C	373	(E/I->4209)  , MessageSource = -1 , MessageDestination = 4209 , MessageClass = MC_LNBStatusMsg , MessageType =  , MessageId = 65535 , MessageReply = 0 , ApplicationId = 1003 , EquipmentState = 13 , CommunicationState = 0 , ApplicationType = 72
DEBUG	2017/03/23 10:37:46.215	src/EI_Logger.C	373	(3235->???)  , MessageSource = 3235 , MessageDestination = -1 , MessageClass = MC_PendingSetupListMsg , MessageType = PSL_MTYPE , MessageId = 65535 , MessageReply = 0
DEBUG	2017/03/23 10:41:47.511	src/EI_Logger.C	373	last message repeated 3 times.
DEBUG	2017/03/23 10:41:47.511	src/EI_Logger.C	373	(P/M->E/I)  , MessageSource = 0 , MessageDestination = 36 , MessageClass = MC_Message , MessageType = M_PING , MessageId = 65535 , MessageReply = 0
DEBUG	2017/03/23 10:41:47.511	src/EI_Logger.C	373	(P/M->P/M)  , MessageSource = 0 , MessageDestination = 0 , MessageClass = MC_Message , MessageType = M_PING , MessageId = 65535 , MessageReply = 0
DEBUG	2017/03/23 10:42:46.600	src/EI_Logger.C	373	(3235->???)  , MessageSource = 3235 , MessageDestination = -1 , MessageClass = MC_PendingSetupListMsg , MessageType = PSL_MTYPE , MessageId = 65535 , MessageReply = 0
DEBUG	2017/03/23 10:45:42.333	src/EI_Logger.C	373	last message repeated 3 times.
DEBUG	2017/03/23 10:45:42.333	src/EI_Logger.C	373	(4233->???)  , MessageSource = 4233 , MessageDestination = -1 , MessageClass = MC_Message , MessageType = M_STATUSREQUEST , MessageId = 65535 , MessageReply = 0
DEBUG	2017/03/23 10:45:42.334	src/EI_Logger.C	373	(E/I->4233)  , MessageSource = -1 , MessageDestination = 4233 , MessageClass = MC_LNBStatusMsg , MessageType =  , MessageId = 65535 , MessageReply = 0 , ApplicationId = 1003 , EquipmentState = 13 , CommunicationState = 0 , ApplicationType = 72
DEBUG	2017/03/23 10:46:19.807	src/EI_Logger.C	373	(3235->???)  , MessageSource = 3235 , MessageDestination = -1 , MessageClass = MC_PMIdentityMsg , MessageType = ID_DISCONNECTED , MessageId = 65535 , MessageReply = 0
DEBUG	2017/03/23 10:46:26.106	src/EI_Logger.C	373	(4235->???)  , MessageSource = 4235 , MessageDestination = -1 , MessageClass = MC_PMIdentityMsg , MessageType = ID_CONNECTED , MessageId = 65535 , MessageReply = 0
DEBUG	2017/03/23 10:46:26.195	src/EI_Logger.C	373	(019->???)  , MessageSource = 19 , MessageDestination = -1 , MessageClass = MC_Message , MessageType = M_STATUSREQUEST , MessageId = 65535 , MessageReply = 0
DEBUG	2017/03/23 10:46:26.195	src/EI_Logger.C	373	(E/I->019)  , MessageSource = -1 , MessageDestination = 19 , MessageClass = MC_LNBStatusMsg , MessageType =  , MessageId = 65535 , MessageReply = 0 , ApplicationId = 1003 , EquipmentState = 13 , CommunicationState = 0 , ApplicationType = 72
DEBUG	2017/03/23 10:46:26.196	src/EI_Logger.C	373	(019->???)  , MessageSource = 19 , MessageDestination = -1 , MessageClass = MC_DepLowModulePartsMsg , MessageType = ID_DISCONNECTED , MessageId = 65535 , MessageReply = 0
DEBUG	2017/03/23 10:46:26.196	src/LNBLMInterface.C	6029	Pass 1: CIM lane 0 is not being held
DEBUG	2017/03/23 10:46:26.196	src/LNBLMInterface.C	6029	Pass 1: CIM lane 1 is not being held
DEBUG	2017/03/23 10:46:26.196	src/LNBLMInterface.C	6029	Pass 2: CIM lane 0 is not being held
DEBUG	2017/03/23 10:46:26.196	src/LNBLMInterface.C	6029	Pass 2: CIM lane 1 is not being held
DEBUG	2017/03/23 10:46:26.263	src/EI_Logger.C	373	(4235->???)  , MessageSource = 4235 , MessageDestination = -1 , MessageClass = MC_PendingSetupListMsg , MessageType = PSL_MTYPE , MessageId = 65535 , MessageReply = 0
DEBUG	2017/03/23 10:46:26.265	src/EI_Logger.C	373	(4235->???)  , MessageSource = 4235 , MessageDestination = -1 , MessageClass = MC_Message , MessageType = M_STATUSREQUEST , MessageId = 65535 , MessageReply = 0
DEBUG	2017/03/23 10:46:26.265	src/EI_Logger.C	373	(E/I->4235)  , MessageSource = -1 , MessageDestination = 4235 , MessageClass = MC_LNBStatusMsg , MessageType =  , MessageId = 65535 , MessageReply = 0 , ApplicationId = 1003 , EquipmentState = 13 , CommunicationState = 0 , ApplicationType = 72
DEBUG	2017/03/23 10:46:26.313	src/EI_Logger.C	373	(4235->???)  , MessageSource = 4235 , MessageDestination = -1 , MessageClass = MC_PendingSetupListMsg , MessageType = PSL_MTYPE , MessageId = 65535 , MessageReply = 0
DEBUG	2017/03/23 10:51:26.158	src/EI_Logger.C	373	last message repeated 2 times.
DEBUG	2017/03/23 10:51:26.158	src/EI_Logger.C	373	(P/M->E/I)  , MessageSource = 0 , MessageDestination = 36 , MessageClass = MC_Message , MessageType = M_PING , MessageId = 65535 , MessageReply = 0
DEBUG	2017/03/23 10:51:26.158	src/EI_Logger.C	373	(P/M->P/M)  , MessageSource = 0 , MessageDestination = 0 , MessageClass = MC_Message , MessageType = M_PING , MessageId = 65535 , MessageReply = 0
DEBUG	2017/03/23 10:54:47.176	src/EI_Logger.C	373	(4235->???)  , MessageSource = 4235 , MessageDestination = -1 , MessageClass = MC_CVTMsg , MessageType = CVT_CHANGES , MessageId = 65535 , MessageReply = 0
DEBUG	2017/03/23 10:54:47.176	src/LNBLMInterface.C	4704	Ignoring setup checks without Dependent Changeover or new setup
DEBUG	2017/03/23 10:54:47.176	src/EI_Logger.C	373	(4235->???)  , MessageSource = 4235 , MessageDestination = -1 , MessageClass = MC_PendingSetupListMsg , MessageType = PSL_MTYPE , MessageId = 65535 , MessageReply = 0
DEBUG	2017/03/23 10:56:26.097	src/EI_Logger.C	373	last message repeated 3 times.
DEBUG	2017/03/23 10:56:26.097	src/EI_Logger.C	373	(P/M->E/I)  , MessageSource = 0 , MessageDestination = 36 , MessageClass = MC_Message , MessageType = M_PING , MessageId = 65535 , MessageReply = 0
DEBUG	2017/03/23 10:56:26.097	src/EI_Logger.C	373	(P/M->P/M)  , MessageSource = 0 , MessageDestination = 0 , MessageClass = MC_Message , MessageType = M_PING , MessageId = 65535 , MessageReply = 0
DEBUG	2017/03/23 10:56:34.552	src/EI_Logger.C	373	(4235->???)  , MessageSource = 4235 , MessageDestination = -1 , MessageClass = MC_PendingSetupListMsg , MessageType = PSL_MTYPE , MessageId = 65535 , MessageReply = 0
DEBUG	2017/03/23 11:01:26.151	src/EI_Logger.C	373	last message repeated 6 times.
DEBUG	2017/03/23 11:01:26.151	src/EI_Logger.C	373	(P/M->E/I)  , MessageSource = 0 , MessageDestination = 36 , MessageClass = MC_Message , MessageType = M_PING , MessageId = 65535 , MessageReply = 0
DEBUG	2017/03/23 11:01:26.151	src/EI_Logger.C	373	(P/M->P/M)  , MessageSource = 0 , MessageDestination = 0 , MessageClass = MC_Message , MessageType = M_PING , MessageId = 65535 , MessageReply = 0
DEBUG	2017/03/23 11:01:26.336	src/EI_Logger.C	373	(4235->???)  , MessageSource = 4235 , MessageDestination = -1 , MessageClass = MC_PendingSetupListMsg , MessageType = PSL_MTYPE , MessageId = 65535 , MessageReply = 0
DEBUG	2017/03/23 11:01:59.667	src/EI_Logger.C	373	(4253->???)  , MessageSource = 4253 , MessageDestination = -1 , MessageClass = MC_Message , MessageType = M_STATUSREQUEST , MessageId = 65535 , MessageReply = 0
DEBUG	2017/03/23 11:01:59.667	src/EI_Logger.C	373	(E/I->4253)  , MessageSource = -1 , MessageDestination = 4253 , MessageClass = MC_LNBStatusMsg , MessageType =  , MessageId = 65535 , MessageReply = 0 , ApplicationId = 1003 , EquipmentState = 13 , CommunicationState = 0 , ApplicationType = 72
DEBUG	2017/03/23 11:02:56.266	src/EI_Logger.C	373	(4235->???)  , MessageSource = 4235 , MessageDestination = -1 , MessageClass = MC_PendingSetupListMsg , MessageType = PSL_MTYPE , MessageId = 65535 , MessageReply = 0
DEBUG	2017/03/23 11:06:59.698	src/EI_Logger.C	373	last message repeated 2 times.
DEBUG	2017/03/23 11:06:59.698	src/EI_Logger.C	373	(P/M->E/I)  , MessageSource = 0 , MessageDestination = 36 , MessageClass = MC_Message , MessageType = M_PING , MessageId = 65535 , MessageReply = 0
DEBUG	2017/03/23 11:06:59.698	src/EI_Logger.C	373	(P/M->P/M)  , MessageSource = 0 , MessageDestination = 0 , MessageClass = MC_Message , MessageType = M_PING , MessageId = 65535 , MessageReply = 0
DEBUG	2017/03/23 11:07:26.711	src/EI_Logger.C	373	(4235->???)  , MessageSource = 4235 , MessageDestination = -1 , MessageClass = MC_PendingSetupListMsg , MessageType = PSL_MTYPE , MessageId = 65535 , MessageReply = 0
DEBUG	2017/03/23 11:07:32.926	src/EI_Logger.C	373	(4258->???)  , MessageSource = 4258 , MessageDestination = -1 , MessageClass = MC_Message , MessageType = M_STATUSREQUEST , MessageId = 65535 , MessageReply = 0
DEBUG	2017/03/23 11:07:32.926	src/EI_Logger.C	373	(E/I->4258)  , MessageSource = -1 , MessageDestination = 4258 , MessageClass = MC_LNBStatusMsg , MessageType =  , MessageId = 65535 , MessageReply = 0 , ApplicationId = 1003 , EquipmentState = 13 , CommunicationState = 0 , ApplicationType = 72
DEBUG	2017/03/23 11:08:56.130	src/EI_Logger.C	373	(4235->???)  , MessageSource = 4235 , MessageDestination = -1 , MessageClass = MC_PendingSetupListMsg , MessageType = PSL_MTYPE , MessageId = 65535 , MessageReply = 0
DEBUG	2017/03/23 11:12:32.540	src/EI_Logger.C	373	last message repeated 2 times.
DEBUG	2017/03/23 11:12:32.540	src/EI_Logger.C	373	(P/M->E/I)  , MessageSource = 0 , MessageDestination = 36 , MessageClass = MC_Message , MessageType = M_PING , MessageId = 65535 , MessageReply = 0
DEBUG	2017/03/23 11:12:32.567	src/EI_Logger.C	373	(P/M->P/M)  , MessageSource = 0 , MessageDestination = 0 , MessageClass = MC_Message , MessageType = M_PING , MessageId = 65535 , MessageReply = 0
DEBUG	2017/03/23 11:13:26.361	src/EI_Logger.C	373	(4235->???)  , MessageSource = 4235 , MessageDestination = -1 , MessageClass = MC_PendingSetupListMsg , MessageType = PSL_MTYPE , MessageId = 65535 , MessageReply = 0
DEBUG	2017/03/23 11:14:27.108	src/EI_Logger.C	373	(4263->???)  , MessageSource = 4263 , MessageDestination = -1 , MessageClass = MC_Message , MessageType = M_STATUSREQUEST , MessageId = 65535 , MessageReply = 0
DEBUG	2017/03/23 11:14:27.108	src/EI_Logger.C	373	(E/I->4263)  , MessageSource = -1 , MessageDestination = 4263 , MessageClass = MC_LNBStatusMsg , MessageType =  , MessageId = 65535 , MessageReply = 0 , ApplicationId = 1003 , EquipmentState = 13 , CommunicationState = 0 , ApplicationType = 72
DEBUG	2017/03/23 11:14:56.190	src/EI_Logger.C	373	(4235->???)  , MessageSource = 4235 , MessageDestination = -1 , MessageClass = MC_PendingSetupListMsg , MessageType = PSL_MTYPE , MessageId = 65535 , MessageReply = 0
DEBUG	2017/03/23 11:16:03.542	src/EI_Logger.C	373	(4271->???)  , MessageSource = 4271 , MessageDestination = -1 , MessageClass = MC_AppDebugModeMsg , MessageType = ADS_QUERY_DEBUG_STATUS , MessageId = 65535 , MessageReply = 0
DEBUG	2017/03/23 11:16:03.543	src/EI_Logger.C	373	(4271->4271)  , MessageSource = 4271 , MessageDestination = 4271 , MessageClass = MC_AppDebugModeMsg , MessageType = ADS_DEBUG_ON , MessageId = 65535 , MessageReply = 0 , FileName = "/home/panadmin/data/log/cimclogs/20170323/LNB_LM_INTERFACE_Module-2_APP_20170323000025.log" , RouteId = 1002
DEBUG	2017/03/23 11:16:03.693	src/EI_Logger.C	373	(4271->???)  , MessageSource = 4271 , MessageDestination = -1 , MessageClass = MC_AppDebugModeMsg , MessageType = ADS_QUERY_DEBUG_STATUS , MessageId = 65535 , MessageReply = 0
DEBUG	2017/03/23 11:16:03.693	src/EI_Logger.C	373	(4271->4271)  , MessageSource = 4271 , MessageDestination = 4271 , MessageClass = MC_AppDebugModeMsg , MessageType = ADS_DEBUG_ON , MessageId = 65535 , MessageReply = 0 , FileName = "/home/panadmin/data/log/cimclogs/20170323/LNB_LM_INTERFACE_Module-2_APP_20170323000025.log" , RouteId = 1002
