Patch: 107496-01  Obsoletes:   Packages: SUNWvplu, SUNWvplr, SUNWvplxw
Patch: 105256-01  Obsoletes:   Packages: SUNWcsu
Patch: 103582-14  Obsoletes:   Packages: SUNWcsu, SUNWcsr
Patch: 103594-10  Obsoletes:   Packages: SUNWcsu
Patch: 103600-18  Obsoletes: 103609-02  Packages: SUNWcsu, SUNWcsr
Patch: 103603-05  Obsoletes:   Packages: SUNWcsu
Patch: 103612-30  Obsoletes: 103615-04, 103654-01  Packages: SUNWcsu, SUNWcsr, SUNWarc, SUNWscpu, SUNWnisu, SUNWsra, SUNWsutl
Patch: 103622-08  Obsoletes:   Packages: SUNWcsu, SUNWcsr, SUNWhea
Patch: 103623-02  Obsoletes:   Packages: SUNWcsu
Patch: 103627-01  Obsoletes:   Packages: SUNWcsu, SUNWcsr
Patch: 103630-08  Obsoletes:   Packages: SUNWcsu, SUNWcsr
Patch: 103663-08  Obsoletes: 103683-01  Packages: SUNWcsu, SUNWcsr, SUNWhea
Patch: 103680-01  Obsoletes:   Packages: SUNWcsu
Patch: 103690-04  Obsoletes:   Packages: SUNWcsu
Patch: 103693-02  Obsoletes:   Packages: SUNWcsu
Patch: 103696-02  Obsoletes:   Packages: SUNWcsu, SUNWcsr
Patch: 103699-01  Obsoletes:   Packages: SUNWcsu
Patch: 103738-03  Obsoletes:   Packages: SUNWcsu
Patch: 103785-01  Obsoletes:   Packages: SUNWcsu
Patch: 103810-03  Obsoletes:   Packages: SUNWcsu
Patch: 103817-01  Obsoletes:   Packages: SUNWcsu
Patch: 103834-01  Obsoletes:   Packages: SUNWcsu
Patch: 103857-07  Obsoletes:   Packages: SUNWcsu, SUNWcsr, SUNWhea
Patch: 103867-01  Obsoletes:   Packages: SUNWcsu, SUNWcsr
Patch: 103891-03  Obsoletes:   Packages: SUNWcsu
Patch: 103934-06  Obsoletes:   Packages: SUNWcsu, SUNWcsr, SUNWhea
Patch: 103981-08  Obsoletes:   Packages: SUNWcsu, SUNWpd, SUNWpdu
Patch: 104029-01  Obsoletes:   Packages: SUNWcsu
Patch: 104066-04  Obsoletes:   Packages: SUNWcsu
Patch: 104072-01  Obsoletes:   Packages: SUNWcsu, SUNWxcu4
Patch: 104081-01  Obsoletes:   Packages: SUNWcsu
Patch: 104166-02  Obsoletes:   Packages: SUNWcsu
Patch: 104182-01  Obsoletes:   Packages: SUNWcsu
Patch: 104220-01  Obsoletes:   Packages: SUNWcsu
Patch: 104227-01  Obsoletes:   Packages: SUNWcsu
Patch: 104236-01  Obsoletes:   Packages: SUNWcsu
Patch: 104245-04  Obsoletes:   Packages: SUNWcsu, SUNWcsr, SUNWhea
Patch: 104263-01  Obsoletes:   Packages: SUNWcsu
Patch: 104266-01  Obsoletes:   Packages: SUNWcsu
Patch: 104277-01  Obsoletes:   Packages: SUNWcsu
Patch: 104297-01  Obsoletes:   Packages: SUNWcsu
Patch: 104312-08  Obsoletes:   Packages: SUNWcsu, SUNWcsr, SUNWhea
Patch: 104317-01  Obsoletes:   Packages: SUNWcsu
Patch: 104331-03  Obsoletes:   Packages: SUNWcsu
Patch: 104334-01  Obsoletes:   Packages: SUNWcsu
Patch: 104361-01  Obsoletes:   Packages: SUNWcsu, SUNWarc
Patch: 104380-04  Obsoletes:   Packages: SUNWcsu
Patch: 104389-01  Obsoletes:   Packages: SUNWcsu
Patch: 104406-01  Obsoletes:   Packages: SUNWcsu
Patch: 104433-04  Obsoletes:   Packages: SUNWcsu, SUNWcsr
Patch: 104440-01  Obsoletes:   Packages: SUNWcsu
Patch: 104447-01  Obsoletes:   Packages: SUNWcsu
Patch: 104463-02  Obsoletes:   Packages: SUNWcsu, SUNWxcu4
Patch: 104478-01  Obsoletes:   Packages: SUNWcsu
Patch: 104484-01  Obsoletes:   Packages: SUNWcsu
Patch: 104490-02  Obsoletes: 103847-02  Packages: SUNWcsu
Patch: 104576-01  Obsoletes:   Packages: SUNWcsu
Patch: 104578-01  Obsoletes:   Packages: SUNWcsu
Patch: 104613-01  Obsoletes:   Packages: SUNWcsu
Patch: 104642-01  Obsoletes:   Packages: SUNWcsu
Patch: 104650-01  Obsoletes:   Packages: SUNWcsu
Patch: 104652-02  Obsoletes:   Packages: SUNWcsu, SUNWsutl
Patch: 104654-03  Obsoletes:   Packages: SUNWcsu
Patch: 104664-01  Obsoletes:   Packages: SUNWcsu
Patch: 104672-02  Obsoletes:   Packages: SUNWcsu
Patch: 104692-01  Obsoletes:   Packages: SUNWcsu
Patch: 104696-01  Obsoletes:   Packages: SUNWcsu, SUNWesu
Patch: 104706-01  Obsoletes:   Packages: SUNWcsu, SUNWxcu4
Patch: 104736-03  Obsoletes:   Packages: SUNWcsu
Patch: 104742-01  Obsoletes:   Packages: SUNWcsu
Patch: 104776-02  Obsoletes:   Packages: SUNWcsu, SUNWarc
Patch: 104818-01  Obsoletes:   Packages: SUNWcsu, SUNWnisu
Patch: 104820-01  Obsoletes:   Packages: SUNWcsu
Patch: 104822-01  Obsoletes:   Packages: SUNWcsu, SUNWarc
Patch: 104850-02  Obsoletes:   Packages: SUNWcsu, SUNWhea
Patch: 104935-01  Obsoletes:   Packages: SUNWcsu
Patch: 104956-04  Obsoletes:   Packages: SUNWcsu
Patch: 104958-01  Obsoletes:   Packages: SUNWcsu
Patch: 104960-01  Obsoletes:   Packages: SUNWcsu
Patch: 104968-01  Obsoletes:   Packages: SUNWcsu
Patch: 105016-01  Obsoletes:   Packages: SUNWcsu, SUNWarc
Patch: 105044-01  Obsoletes:   Packages: SUNWcsu
Patch: 103640-12  Obsoletes: 103591-09, 103658-02, 103920-05  Packages: SUNWcsu, SUNWcsr, SUNWkvm, SUNWcar, SUNWhea
Patch: 104708-09  Obsoletes: 104710-01, 103766-02  Packages: SUNWcsu, SUNWhea, SUNWssadv, SUNWssaop
Patch: 103640-31  Obsoletes: 103591-09, 103658-02, 103920-05, 103600-18, 103609-02, 104317-01, 106623-01, 103612-51, 103615-04, 103654-01, 104447-01, 107239-01, 104915-10  Packages: SUNWcsu, SUNWcsr, SUNWkvm, SUNWcar, SUNWarc, SUNWscpu, SUNWfns, SUNWhea, SUNWnisu, SUNWsra, SUNWsutl
Patch: 103582-15  Obsoletes:   Packages: SUNWcsu, SUNWcsr
Patch: 103663-15  Obsoletes: 103683-01  Packages: SUNWcsu, SUNWcsr, SUNWhea
Patch: 103630-09  Obsoletes:   Packages: SUNWcsu, SUNWcsr
Patch: 103696-04  Obsoletes:   Packages: SUNWcsu, SUNWcsr
Patch: 106563-04  Obsoletes: 104433-09  Packages: SUNWcsu, SUNWcsr, SUNWarc, SUNWhea
Patch: 103891-06  Obsoletes:   Packages: SUNWcsu
Patch: 104463-03  Obsoletes:   Packages: SUNWcsu, SUNWxcu4
Patch: 104490-05  Obsoletes: 103847-02  Packages: SUNWcsu
Patch: 105675-03  Obsoletes:   Packages: SUNWcsu
Patch: 103690-13  Obsoletes:   Packages: SUNWcsu
Patch: 103627-11  Obsoletes: 103606-02, 105069-01  Packages: SUNWcsu, SUNWcsr, SUNWarc, SUNWbtool, SUNWhea, SUNWtoo, SUNWxcu4
Patch: 103640-32  Obsoletes: 103591-09, 103658-02, 103920-05, 103600-18, 103609-02, 104317-01, 106623-01, 103612-51, 103615-04, 103654-01, 104447-01, 107239-01, 104915-10, 104594-03  Packages: SUNWcsu, SUNWcsr, SUNWkvm, SUNWcar, SUNWarc, SUNWscpu, SUNWfns, SUNWhea, SUNWnisu, SUNWsra, SUNWsutl
Patch: 104560-01  Obsoletes:   Packages: SUNWcsr, SUNWcsr
Patch: 103597-02  Obsoletes:   Packages: SUNWcsr
Patch: 103618-02  Obsoletes:   Packages: SUNWcsr
Patch: 103621-01  Obsoletes:   Packages: SUNWcsr
Patch: 103734-01  Obsoletes:   Packages: SUNWcsr
Patch: 103903-03  Obsoletes:   Packages: SUNWcsr, SUNWhea
Patch: 103928-01  Obsoletes:   Packages: SUNWcsr
Patch: 104055-02  Obsoletes:   Packages: SUNWcsr
Patch: 104201-01  Obsoletes:   Packages: SUNWcsr
Patch: 104283-01  Obsoletes:   Packages: SUNWcsr
Patch: 104580-02  Obsoletes:   Packages: SUNWcsr
Patch: 104607-01  Obsoletes:   Packages: SUNWcsr
Patch: 104608-02  Obsoletes:   Packages: SUNWcsr, SUNWhea
Patch: 104609-01  Obsoletes:   Packages: SUNWcsr
Patch: 104615-01  Obsoletes:   Packages: SUNWcsr
Patch: 104810-01  Obsoletes:   Packages: SUNWcsr
Patch: 104849-01  Obsoletes:   Packages: SUNWcsr
Patch: 104893-01  Obsoletes:   Packages: SUNWcsr
Patch: 105004-09  Obsoletes: 104604-04  Packages: SUNWcsr, SUNWcar, SUNWhea
Patch: 105185-01  Obsoletes:   Packages: SUNWcsr
Patch: 104259-05  Obsoletes:   Packages: SUNWcsr
Patch: 104628-05  Obsoletes:   Packages: SUNWcsr
Patch: 104595-03  Obsoletes:   Packages: SUNWkvm
Patch: 104795-02  Obsoletes:   Packages: SUNWkvm
Patch: 103669-03  Obsoletes:   Packages: SUNWcar
Patch: 103821-02  Obsoletes:   Packages: SUNWcar
Patch: 103955-02  Obsoletes:   Packages: SUNWcar
Patch: 104200-01  Obsoletes:   Packages: SUNWcar
Patch: 104594-01  Obsoletes:   Packages: SUNWcar, SUNWhea
Patch: 104656-01  Obsoletes:   Packages: SUNWcar
Patch: 104489-01  Obsoletes:   Packages: SUNWtltk, SUNWtltkd
Patch: 103566-48  Obsoletes: 103508-01  Packages: SUNWxwfnt, SUNWxwplt, SUNWxwopt, SUNWxwslb
Patch: 103566-21  Obsoletes:   Packages: SUNWxwplt, SUNWxwopt, SUNWxwslb
Patch: 104338-02  Obsoletes:   Packages: SUNWxwplt, SUNWxwslb
Patch: 103792-06  Obsoletes:   Packages: SUNWm64, SUNWm64cf, SUNWm64w
Patch: 103792-19  Obsoletes:   Packages: SUNWm64, SUNWm64cf, SUNWm64w
Patch: 104010-01  Obsoletes:   Packages: SUNWvolu
Patch: 104841-02  Obsoletes:   Packages: SUNWvolu
Patch: 103901-06  Obsoletes:   Packages: SUNWolrte, SUNWolinc, SUNWolslb
Patch: 104533-02  Obsoletes:   Packages: SUNWolrte, SUNWolslb
Patch: 103901-12  Obsoletes:   Packages: SUNWolrte, SUNWolinc, SUNWolslb
Patch: 106662-01  Obsoletes:   Packages: SUNWolrte, SUNWolslb
Patch: 106663-01  Obsoletes:   Packages: SUNWolrte
Patch: 104635-01  Obsoletes:   Packages: SUNWdoc
Patch: 104658-01  Obsoletes:   Packages: SUNWdoc
Patch: 104807-01  Obsoletes:   Packages: SUNWdoc
Patch: 104854-02  Obsoletes:   Packages: SUNWdoc
Patch: 104976-03  Obsoletes:   Packages: SUNWoldcv, SUNWoldst
Patch: 104287-01  Obsoletes:   Packages: SUNWoldte
Patch: 103558-11  Obsoletes:   Packages: SUNWadmap, SUNWadmc, SUNWsadml
Patch: 103558-14  Obsoletes:   Packages: SUNWadmap, SUNWadmc, SUNWsadml
Patch: 105701-02  Obsoletes:   Packages: SUNWadmap
Patch: 108658-02  Obsoletes:   Packages: SUNWadmfw
Patch: 104093-04  Obsoletes:   Packages: SUNWoldst
Patch: 104162-02  Obsoletes:   Packages: SUNWoldst
Patch: 104453-01  Obsoletes:   Packages: SUNWoldst
Patch: 104918-01  Obsoletes:   Packages: SUNWoldst
Patch: 104976-01  Obsoletes:   Packages: SUNWoldst
Patch: 104977-01  Obsoletes:   Packages: SUNWoldst
Patch: 104093-07  Obsoletes:   Packages: SUNWoldst
Patch: 106529-08  Obsoletes: 101242-13  Packages: SUNWlibC
Patch: 103879-04  Obsoletes:   Packages: SUNWkcsrt
Patch: 104589-01  Obsoletes:   Packages: SUNWxwpsr
Patch: 103948-02  Obsoletes:   Packages: SUNWaccu
Patch: 104816-01  Obsoletes:   Packages: SUNWaccu
Patch: 107524-01  Obsoletes:   Packages: SUNWaccu
Patch: 104482-01  Obsoletes:   Packages: SUNWpppk
Patch: 104516-03  Obsoletes:   Packages: SUNWapppu
Patch: 103750-03  Obsoletes:   Packages: SUNWarc
Patch: 104637-01  Obsoletes:   Packages: SUNWarc
Patch: 103959-04  Obsoletes:   Packages: SUNWscpu, SUNWlpu, SUNWlps
Patch: 104644-01  Obsoletes:   Packages: SUNWscpu
Patch: 103959-09  Obsoletes:   Packages: SUNWscpu, SUNWlpr, SUNWlpu, SUNWlps
Patch: 103866-03  Obsoletes:   Packages: SUNWbcp
Patch: 103866-05  Obsoletes:   Packages: SUNWbcp
Patch: 103911-01  Obsoletes:   Packages: SUNWbnuu
Patch: 104873-01  Obsoletes:   Packages: SUNWbnuu
Patch: 103839-02  Obsoletes:   Packages: SUNWbtool
Patch: 104208-01  Obsoletes:   Packages: SUNWbtool
Patch: 104824-01  Obsoletes:   Packages: SUNWfac
Patch: 103743-01  Obsoletes:   Packages: SUNWfns
Patch: 103606-02  Obsoletes:   Packages: SUNWhea, SUNWtoo
Patch: 104094-01  Obsoletes:   Packages: SUNWhea
Patch: 104605-03  Obsoletes:   Packages: SUNWhea, SUNWpd
Patch: 104212-09  Obsoletes:   Packages: SUNWhmd, SUNWhmdu
Patch: 104246-05  Obsoletes:   Packages: SUNWhmd, SUNWhmdu
Patch: 103643-04  Obsoletes:   Packages: SUNWnisu
Patch: 103686-02  Obsoletes:   Packages: SUNWnisu
Patch: 103770-03  Obsoletes:   Packages: SUNWnisu
Patch: 103995-01  Obsoletes:   Packages: SUNWnisu
Patch: 104475-01  Obsoletes:   Packages: SUNWnisu
Patch: 104443-02  Obsoletes:   Packages: SUNWpcmcu
Patch: 104596-05  Obsoletes:   Packages: SUNWpd
Patch: 104280-01  Obsoletes:   Packages: SUNWtoo
Patch: 104538-01  Obsoletes:   Packages: SUNWolimt
Patch: 104995-01  Obsoletes:   Packages: SUNWolimt
Patch: 103900-01  Obsoletes:   Packages: SUNWowbcp
Patch: 105310-01  Obsoletes:   Packages: SUNWluxal, SUNWluxop, SUNWluxdv
Patch: 105324-01  Obsoletes:   Packages: SUNWses
Patch: 104239-01  Obsoletes:   Packages: SUNWdial
Patch: 103796-18  Obsoletes:   Packages: SUNWffb, SUNWffbcf, SUNWffbw, SUNWvlxil, SUNWffbxg
Patch: 103795-02  Obsoletes:   Packages: SUNWleow, SUNWleor, SUNWleoo
Patch: 103794-03  Obsoletes:   Packages: SUNWsx, SUNWsxow, SUNWsxxgl, SUNWsxxil
Patch: 103793-01  Obsoletes:   Packages: SUNWtcxow
Patch: 103801-06  Obsoletes:   Packages: SUNWsprot, SUNWxcu4t
Patch: 103801-07  Obsoletes:   Packages: SUNWsprot, SUNWxcu4t
Patch: 107986-01  Obsoletes:   Packages: SUNWscbcp
Patch: 105791-15  Obsoletes:   Packages: SUNWxfb
Patch: 103671-06  Obsoletes:   Packages: SUNWdtdmn, SUNWdtdst
Patch: 104551-04  Obsoletes:   Packages: SUNWdtdst
