mach ftype output label seconds
1 u01 3 postprocess_u0X_file 0.00664212582914573
2 u01 3 postprocess_u0X_file 0.00658838775924076
3 u01 3 postprocess_u0X_file 0.0064542512660732
4 u01 3 postprocess_u0X_file 0.00638606594493609
5 u01 3 postprocess_u0X_file 0.00619897204523107
1 u03 3 postprocess_u0X_file 0.00780992670980789
2 u03 3 postprocess_u0X_file 0.00775230743029087
3 u03 3 postprocess_u0X_file 0.00781328272646184
4 u03 3 postprocess_u0X_file 0.00779510443323442
5 u03 3 postprocess_u0X_file 0.00759049918387414
1 u01 3 preprocess_u0X_file 0.00928306032462312
2 u01 3 preprocess_u0X_file 0.00916983672527472
3 u01 3 preprocess_u0X_file 0.00862849412462908
4 u01 3 preprocess_u0X_file 0.00865523400196657
5 u01 3 preprocess_u0X_file 0.00860210383972468
1 u03 3 preprocess_u0X_file 0.010371393512639
2 u03 3 preprocess_u0X_file 0.0118285569518556
3 u03 3 preprocess_u0X_file 0.00951532628245788
4 u03 3 preprocess_u0X_file 0.00914026240751731
5 u03 3 preprocess_u0X_file 0.00788641485545723
1 u01 3 process_u01_file 0.21060610918794
2 u01 3 process_u01_file 0.24840337593007
3 u01 3 process_u01_file 0.1481438102364
4 u01 3 process_u01_file 0.130139639822026
5 u01 3 process_u01_file 0.0551755155968535
1 u01 3 process_u01_file_return 0.210298962786935
2 u01 3 process_u01_file_return 0.248062170688312
3 u01 3 process_u01_file_return 0.147845632690406
4 u01 3 process_u01_file_return 0.129844313566372
5 u01 3 process_u01_file_return 0.054918644712881
1 u03 3 process_u03_file 0.187483814483316
2 u03 3 process_u03_file 0.191552678755266
3 u03 3 process_u03_file 0.118051605289395
4 u03 3 process_u03_file 0.0905796315341246
5 u03 3 process_u03_file 0.0350581111307768
1 u03 3 process_u03_file_return 0.187127665450961
2 u03 3 process_u03_file_return 0.191139338459378
3 u03 3 process_u03_file_return 0.117738226224975
4 u03 3 process_u03_file_return 0.0903108031948566
5 u03 3 process_u03_file_return 0.0348701016725664
1 u01 3 RH_process_u01_file_msg 0.230045783657286
2 u01 3 RH_process_u01_file_msg 0.26767696796004
3 u01 3 RH_process_u01_file_msg 0.166702555501484
4 u01 3 RH_process_u01_file_msg 0.148681905270403
5 u01 3 RH_process_u01_file_msg 0.0734586847964602
1 u03 3 RH_process_u03_file_msg 0.245577588862487
2 u03 3 RH_process_u03_file_msg 0.25431853324674
3 u03 3 RH_process_u03_file_msg 0.177084391728444
4 u03 3 RH_process_u03_file_msg 0.150091042782394
5 u03 3 RH_process_u03_file_msg 0.0926313876273353
